<?xml version="1.0" encoding="UTF-8"?>
<testsuites name="Demo Test Suite" time="234.36" tests="2" failures="1" errors="0">
   <testsuite name="Demo Test Suite" tests="2" failures="1" errors="0" time="234.36" skipped="0" timestamp="2023-03-23 16:25:09" hostname="sakthi - sakthivels-mbp" id="Test Suites/Demo Test Suite">
      <properties>
         <property name="deviceName" value=""/>
         <property name="devicePlatform" value=""/>
         <property name="logFolder" value="/Users/sakthi/Katalon Studio/TestProject/Reports/20230323_162501/Demo Test Suite/20230323_162502"/>
         <property name="logFiles" value="/Users/sakthi/Katalon Studio/TestProject/Reports/20230323_162501/Demo Test Suite/20230323_162502/execution0.log"/>
         <property name="attachments" value="/Users/sakthi/Katalon Studio/TestProject/Reports/20230323_162501/Demo Test Suite/20230323_162502/1679588739679.png, /Users/sakthi/Katalon Studio/TestProject/Reports/20230323_162501/Demo Test Suite/20230323_162502/1679588739794.png, /Users/sakthi/Katalon Studio/TestProject/Reports/20230323_162501/Demo Test Suite/20230323_162502/1679588762684.png, /Users/sakthi/Katalon Studio/TestProject/Reports/20230323_162501/Demo Test Suite/20230323_162502/1679588762790.png, /Users/sakthi/Katalon Studio/TestProject/Reports/20230323_162501/Demo Test Suite/20230323_162502/1679588786126.png, /Users/sakthi/Katalon Studio/TestProject/Reports/20230323_162501/Demo Test Suite/20230323_162502/1679588786248.png, /Users/sakthi/Katalon Studio/TestProject/Reports/20230323_162501/Demo Test Suite/20230323_162502/1679588810452.png, /Users/sakthi/Katalon Studio/TestProject/Reports/20230323_162501/Demo Test Suite/20230323_162502/1679588810542.png"/>
         <property name="hostName" value="sakthi - sakthivels-mbp"/>
         <property name="os" value="Mac OS X 64bit"/>
         <property name="katalonVersion" value="8.6.0.208"/>
         <property name="browser" value="Chrome 111.0.0.0"/>
         <property name="hostAddress" value="192.168.0.45"/>
         <property name="sessionId" value="51844dd70de84f9626e945f3db082f04"/>
         <property name="seleniumVersion" value="3.141.59"/>
         <property name="proxyInformation" value="ProxyInformation { proxyOption=NO_PROXY, proxyServerType=HTTP, username=, password=********, proxyServerAddress=, proxyServerPort=0, executionList=&quot;&quot;, isApplyToDesiredCapabilities=true }"/>
         <property name="platform" value="Mac OS X"/>
      </properties>
      <testcase name="Test Cases/Demo/TC01_without GenRocket Integration" time="24.254" classname="Test Cases/Demo/TC01_without GenRocket Integration" status="FAILED">
         <failure type="FAILED" message="Test Cases/Demo/TC01_without GenRocket Integration FAILED.
Reason:
com.kms.katalon.core.exception.StepFailedException: Verify element text of test object 'Object Repository/Page_Create New Customer Account/passwordMeter' FAILED.
	at com.kms.katalon.core.webui.keyword.internal.WebUIKeywordMain.stepFailed(WebUIKeywordMain.groovy:64)
	at com.kms.katalon.core.webui.keyword.internal.WebUIKeywordMain.runKeyword(WebUIKeywordMain.groovy:26)
	at com.kms.katalon.core.webui.keyword.builtin.VerifyElementTextKeyword.verifyElementText(VerifyElementTextKeyword.groovy:72)
	at com.kms.katalon.core.webui.keyword.builtin.VerifyElementTextKeyword.execute(VerifyElementTextKeyword.groovy:40)
	at com.kms.katalon.core.keyword.internal.KeywordExecutor.executeKeywordForPlatform(KeywordExecutor.groovy:74)
	at com.kms.katalon.core.webui.keyword.WebUiBuiltInKeywords.verifyElementText(WebUiBuiltInKeywords.groovy:4749)
	at com.kms.katalon.core.webui.keyword.WebUiBuiltInKeywords$verifyElementText$3.call(Unknown Source)
	at TC01_without GenRocket Integration.run(TC01_without GenRocket Integration:41)
	at com.kms.katalon.core.main.ScriptEngine.run(ScriptEngine.java:194)
	at com.kms.katalon.core.main.ScriptEngine.runScriptAsRawText(ScriptEngine.java:119)
	at com.kms.katalon.core.main.TestCaseExecutor.runScript(TestCaseExecutor.java:448)
	at com.kms.katalon.core.main.TestCaseExecutor.doExecute(TestCaseExecutor.java:439)
	at com.kms.katalon.core.main.TestCaseExecutor.processExecutionPhase(TestCaseExecutor.java:418)
	at com.kms.katalon.core.main.TestCaseExecutor.accessMainPhase(TestCaseExecutor.java:410)
	at com.kms.katalon.core.main.TestCaseExecutor.execute(TestCaseExecutor.java:285)
	at com.kms.katalon.core.main.TestCaseExecutor.execute(TestCaseExecutor.java:369)
	at com.kms.katalon.core.main.TestCaseExecutor.execute(TestCaseExecutor.java:369)
	at com.kms.katalon.core.main.TestCaseExecutor.execute(TestCaseExecutor.java:369)
	at com.kms.katalon.core.common.CommonExecutor.accessTestCaseMainPhase(CommonExecutor.java:65)
	at com.kms.katalon.core.main.TestSuiteExecutor.accessTestSuiteMainPhase(TestSuiteExecutor.java:148)
	at com.kms.katalon.core.main.TestSuiteExecutor.execute(TestSuiteExecutor.java:106)
	at com.kms.katalon.core.main.TestCaseMain.startTestSuite(TestCaseMain.java:187)
	at com.kms.katalon.core.main.TestCaseMain$startTestSuite$0.call(Unknown Source)
	at TempTestSuite1679588702471.run(TempTestSuite1679588702471.groovy:36)
Caused by: com.kms.katalon.core.exception.StepFailedException: Actual text 'No Password' and expected text '' of test object 'Object Repository/Page_Create New Customer Account/passwordMeter' are NOT matched.
	at com.kms.katalon.core.webui.keyword.internal.WebUIKeywordMain.stepFailed(WebUIKeywordMain.groovy:64)
	at com.kms.katalon.core.webui.keyword.builtin.VerifyElementTextKeyword$_verifyElementText_closure1.doCall(VerifyElementTextKeyword.groovy:57)
	at com.kms.katalon.core.webui.keyword.builtin.VerifyElementTextKeyword$_verifyElementText_closure1.call(VerifyElementTextKeyword.groovy)
	at com.kms.katalon.core.webui.keyword.internal.WebUIKeywordMain.runKeyword(WebUIKeywordMain.groovy:20)
	... 22 more
"/>
         <system-out><![CDATA[2023-03-23 16:26:26 - [TEST_CASE][FAILED] - Test Cases/Demo/TC01_without GenRocket Integration: Test Cases/Demo/TC01_without GenRocket Integration FAILED.
Reason:
com.kms.katalon.core.exception.StepFailedException: Verify element text of test object 'Object Repository/Page_Create New Customer Account/passwordMeter' FAILED.
	at com.kms.katalon.core.webui.keyword.internal.WebUIKeywordMain.stepFailed(WebUIKeywordMain.groovy:64)
	at com.kms.katalon.core.webui.keyword.internal.WebUIKeywordMain.runKeyword(WebUIKeywordMain.groovy:26)
	at com.kms.katalon.core.webui.keyword.builtin.VerifyElementTextKeyword.verifyElementText(VerifyElementTextKeyword.groovy:72)
	at com.kms.katalon.core.webui.keyword.builtin.VerifyElementTextKeyword.execute(VerifyElementTextKeyword.groovy:40)
	at com.kms.katalon.core.keyword.internal.KeywordExecutor.executeKeywordForPlatform(KeywordExecutor.groovy:74)
	at com.kms.katalon.core.webui.keyword.WebUiBuiltInKeywords.verifyElementText(WebUiBuiltInKeywords.groovy:4749)
	at com.kms.katalon.core.webui.keyword.WebUiBuiltInKeywords$verifyElementText$3.call(Unknown Source)
	at TC01_without GenRocket Integration.run(TC01_without GenRocket Integration:41)
	at com.kms.katalon.core.main.ScriptEngine.run(ScriptEngine.java:194)
	at com.kms.katalon.core.main.ScriptEngine.runScriptAsRawText(ScriptEngine.java:119)
	at com.kms.katalon.core.main.TestCaseExecutor.runScript(TestCaseExecutor.java:448)
	at com.kms.katalon.core.main.TestCaseExecutor.doExecute(TestCaseExecutor.java:439)
	at com.kms.katalon.core.main.TestCaseExecutor.processExecutionPhase(TestCaseExecutor.java:418)
	at com.kms.katalon.core.main.TestCaseExecutor.accessMainPhase(TestCaseExecutor.java:410)
	at com.kms.katalon.core.main.TestCaseExecutor.execute(TestCaseExecutor.java:285)
	at com.kms.katalon.core.main.TestCaseExecutor.execute(TestCaseExecutor.java:369)
	at com.kms.katalon.core.main.TestCaseExecutor.execute(TestCaseExecutor.java:369)
	at com.kms.katalon.core.main.TestCaseExecutor.execute(TestCaseExecutor.java:369)
	at com.kms.katalon.core.common.CommonExecutor.accessTestCaseMainPhase(CommonExecutor.java:65)
	at com.kms.katalon.core.main.TestSuiteExecutor.accessTestSuiteMainPhase(TestSuiteExecutor.java:148)
	at com.kms.katalon.core.main.TestSuiteExecutor.execute(TestSuiteExecutor.java:106)
	at com.kms.katalon.core.main.TestCaseMain.startTestSuite(TestCaseMain.java:187)
	at com.kms.katalon.core.main.TestCaseMain$startTestSuite$0.call(Unknown Source)
	at TempTestSuite1679588702471.run(TempTestSuite1679588702471.groovy:36)
Caused by: com.kms.katalon.core.exception.StepFailedException: Actual text 'No Password' and expected text '' of test object 'Object Repository/Page_Create New Customer Account/passwordMeter' are NOT matched.
	at com.kms.katalon.core.webui.keyword.internal.WebUIKeywordMain.stepFailed(WebUIKeywordMain.groovy:64)
	at com.kms.katalon.core.webui.keyword.builtin.VerifyElementTextKeyword$_verifyElementText_closure1.doCall(VerifyElementTextKeyword.groovy:57)
	at com.kms.katalon.core.webui.keyword.builtin.VerifyElementTextKeyword$_verifyElementText_closure1.call(VerifyElementTextKeyword.groovy)
	at com.kms.katalon.core.webui.keyword.internal.WebUIKeywordMain.runKeyword(WebUIKeywordMain.groovy:20)
	... 22 more


2023-03-23 16:26:26 - [TEST_STEP][PASSED] - openBrowser(""): Browser is opened with url: ''

2023-03-23 16:26:26 - [MESSAGE][WARNING] - A browser is already opened. Closing browser and opening a new one

2023-03-23 16:26:26 - [MESSAGE][INFO] - Starting 'Chrome' driver

2023-03-23 16:26:26 - [MESSAGE][INFO] - Action delay is set to 0 milliseconds

2023-03-23 16:26:31 - [MESSAGE][PASSED] - Browser is opened with url: ''

2023-03-23 16:26:31 - [TEST_STEP][PASSED] - navigateToUrl("https://magento.softwaretestingboard.com/"): Navigate to 'https://magento.softwaretestingboard.com/' successfully

2023-03-23 16:26:37 - [MESSAGE][PASSED] - Navigate to 'https://magento.softwaretestingboard.com/' successfully

2023-03-23 16:26:37 - [TEST_STEP][PASSED] - click(findTestObject("Object Repository/Page_Home Page/a_Create an Account")): Object: 'Object Repository/Page_Home Page/a_Create an Account' is clicked on

2023-03-23 16:26:43 - [MESSAGE][PASSED] - Object: 'Object Repository/Page_Home Page/a_Create an Account' is clicked on

2023-03-23 16:26:43 - [TEST_STEP][PASSED] - setText(findTestObject("Object Repository/Page_Create New Customer Account/firstName"), fName): Text '' is set on object 'Object Repository/Page_Create New Customer Account/firstName'

2023-03-23 16:26:45 - [MESSAGE][PASSED] - Text '' is set on object 'Object Repository/Page_Create New Customer Account/firstName'

2023-03-23 16:26:45 - [TEST_STEP][PASSED] - setText(findTestObject("Object Repository/Page_Create New Customer Account/lastName"), lName): Text '' is set on object 'Object Repository/Page_Create New Customer Account/lastName'

2023-03-23 16:26:46 - [MESSAGE][PASSED] - Text '' is set on object 'Object Repository/Page_Create New Customer Account/lastName'

2023-03-23 16:26:46 - [TEST_STEP][PASSED] - click(findTestObject("Object Repository/Page_Create New Customer Account/subscription checkbox")): Object: 'Object Repository/Page_Create New Customer Account/subscription checkbox' is clicked on

2023-03-23 16:26:46 - [MESSAGE][PASSED] - Object: 'Object Repository/Page_Create New Customer Account/subscription checkbox' is clicked on

2023-03-23 16:26:46 - [TEST_STEP][PASSED] - setText(findTestObject("Object Repository/Page_Create New Customer Account/email"), email): Text '' is set on object 'Object Repository/Page_Create New Customer Account/email'

2023-03-23 16:26:47 - [MESSAGE][PASSED] - Text '' is set on object 'Object Repository/Page_Create New Customer Account/email'

2023-03-23 16:26:47 - [TEST_STEP][PASSED] - setText(findTestObject("Object Repository/Page_Create New Customer Account/pwd"), pwd): Text '' is set on object 'Object Repository/Page_Create New Customer Account/pwd'

2023-03-23 16:26:48 - [MESSAGE][PASSED] - Text '' is set on object 'Object Repository/Page_Create New Customer Account/pwd'

2023-03-23 16:26:48 - [TEST_STEP][PASSED] - out.println("pwd:" + pwd): null

2023-03-23 16:26:48 - [TEST_STEP][PASSED] - setText(findTestObject("Object Repository/Page_Create New Customer Account/pwd_confirm"), confirmPwd): Text '' is set on object 'Object Repository/Page_Create New Customer Account/pwd_confirm'

2023-03-23 16:26:49 - [MESSAGE][PASSED] - Text '' is set on object 'Object Repository/Page_Create New Customer Account/pwd_confirm'

2023-03-23 16:26:49 - [TEST_STEP][FAILED] - verifyElementText(findTestObject("Page_Create New Customer Account/passwordMeter"), pwdStrength): Verify element text of test object 'Object Repository/Page_Create New Customer Account/passwordMeter' FAILED. (Root cause: com.kms.katalon.core.exception.StepFailedException: Verify element text of test object 'Object Repository/Page_Create New Customer Account/passwordMeter' FAILED.
	at com.kms.katalon.core.webui.keyword.internal.WebUIKeywordMain.stepFailed(WebUIKeywordMain.groovy:64)
	at com.kms.katalon.core.webui.keyword.internal.WebUIKeywordMain.runKeyword(WebUIKeywordMain.groovy:26)
	at com.kms.katalon.core.webui.keyword.builtin.VerifyElementTextKeyword.verifyElementText(VerifyElementTextKeyword.groovy:72)
	at com.kms.katalon.core.webui.keyword.builtin.VerifyElementTextKeyword.execute(VerifyElementTextKeyword.groovy:40)
	at com.kms.katalon.core.keyword.internal.KeywordExecutor.executeKeywordForPlatform(KeywordExecutor.groovy:74)
	at com.kms.katalon.core.webui.keyword.WebUiBuiltInKeywords.verifyElementText(WebUiBuiltInKeywords.groovy:4749)
	at com.kms.katalon.core.webui.keyword.WebUiBuiltInKeywords$verifyElementText$3.call(Unknown Source)
	at TC01_without GenRocket Integration.run(TC01_without GenRocket Integration:41)
	at com.kms.katalon.core.main.ScriptEngine.run(ScriptEngine.java:194)
	at com.kms.katalon.core.main.ScriptEngine.runScriptAsRawText(ScriptEngine.java:119)
	at com.kms.katalon.core.main.TestCaseExecutor.runScript(TestCaseExecutor.java:448)
	at com.kms.katalon.core.main.TestCaseExecutor.doExecute(TestCaseExecutor.java:439)
	at com.kms.katalon.core.main.TestCaseExecutor.processExecutionPhase(TestCaseExecutor.java:418)
	at com.kms.katalon.core.main.TestCaseExecutor.accessMainPhase(TestCaseExecutor.java:410)
	at com.kms.katalon.core.main.TestCaseExecutor.execute(TestCaseExecutor.java:285)
	at com.kms.katalon.core.main.TestCaseExecutor.execute(TestCaseExecutor.java:369)
	at com.kms.katalon.core.main.TestCaseExecutor.execute(TestCaseExecutor.java:369)
	at com.kms.katalon.core.main.TestCaseExecutor.execute(TestCaseExecutor.java:369)
	at com.kms.katalon.core.common.CommonExecutor.accessTestCaseMainPhase(CommonExecutor.java:65)
	at com.kms.katalon.core.main.TestSuiteExecutor.accessTestSuiteMainPhase(TestSuiteExecutor.java:148)
	at com.kms.katalon.core.main.TestSuiteExecutor.execute(TestSuiteExecutor.java:106)
	at com.kms.katalon.core.main.TestCaseMain.startTestSuite(TestCaseMain.java:187)
	at com.kms.katalon.core.main.TestCaseMain$startTestSuite$0.call(Unknown Source)
	at TempTestSuite1679588702471.run(TempTestSuite1679588702471.groovy:36)
Caused by: com.kms.katalon.core.exception.StepFailedException: Actual text 'No Password' and expected text '' of test object 'Object Repository/Page_Create New Customer Account/passwordMeter' are NOT matched.
	at com.kms.katalon.core.webui.keyword.internal.WebUIKeywordMain.stepFailed(WebUIKeywordMain.groovy:64)
	at com.kms.katalon.core.webui.keyword.builtin.VerifyElementTextKeyword$_verifyElementText_closure1.doCall(VerifyElementTextKeyword.groovy:57)
	at com.kms.katalon.core.webui.keyword.builtin.VerifyElementTextKeyword$_verifyElementText_closure1.call(VerifyElementTextKeyword.groovy)
	at com.kms.katalon.core.webui.keyword.internal.WebUIKeywordMain.runKeyword(WebUIKeywordMain.groovy:20)
	... 22 more
)

2023-03-23 16:26:50 - [MESSAGE][FAILED] - Actual text 'No Password' and expected text '' of test object 'Object Repository/Page_Create New Customer Account/passwordMeter' are NOT matched. (Root cause: com.kms.katalon.core.exception.StepFailedException: Actual text 'No Password' and expected text '' of test object 'Object Repository/Page_Create New Customer Account/passwordMeter' are NOT matched.
	at com.kms.katalon.core.webui.keyword.internal.WebUIKeywordMain.stepFailed(WebUIKeywordMain.groovy:64)
	at com.kms.katalon.core.webui.keyword.builtin.VerifyElementTextKeyword$_verifyElementText_closure1.doCall(VerifyElementTextKeyword.groovy:57)
	at com.kms.katalon.core.webui.keyword.builtin.VerifyElementTextKeyword$_verifyElementText_closure1.call(VerifyElementTextKeyword.groovy)
	at com.kms.katalon.core.webui.keyword.internal.WebUIKeywordMain.runKeyword(WebUIKeywordMain.groovy:20)
	at com.kms.katalon.core.webui.keyword.builtin.VerifyElementTextKeyword.verifyElementText(VerifyElementTextKeyword.groovy:72)
	at com.kms.katalon.core.webui.keyword.builtin.VerifyElementTextKeyword.execute(VerifyElementTextKeyword.groovy:40)
	at com.kms.katalon.core.keyword.internal.KeywordExecutor.executeKeywordForPlatform(KeywordExecutor.groovy:74)
	at com.kms.katalon.core.webui.keyword.WebUiBuiltInKeywords.verifyElementText(WebUiBuiltInKeywords.groovy:4749)
	at com.kms.katalon.core.webui.keyword.WebUiBuiltInKeywords$verifyElementText$3.call(Unknown Source)
	at TC01_without GenRocket Integration.run(TC01_without GenRocket Integration:41)
	at com.kms.katalon.core.main.ScriptEngine.run(ScriptEngine.java:194)
	at com.kms.katalon.core.main.ScriptEngine.runScriptAsRawText(ScriptEngine.java:119)
	at com.kms.katalon.core.main.TestCaseExecutor.runScript(TestCaseExecutor.java:448)
	at com.kms.katalon.core.main.TestCaseExecutor.doExecute(TestCaseExecutor.java:439)
	at com.kms.katalon.core.main.TestCaseExecutor.processExecutionPhase(TestCaseExecutor.java:418)
	at com.kms.katalon.core.main.TestCaseExecutor.accessMainPhase(TestCaseExecutor.java:410)
	at com.kms.katalon.core.main.TestCaseExecutor.execute(TestCaseExecutor.java:285)
	at com.kms.katalon.core.main.TestCaseExecutor.execute(TestCaseExecutor.java:369)
	at com.kms.katalon.core.main.TestCaseExecutor.execute(TestCaseExecutor.java:369)
	at com.kms.katalon.core.main.TestCaseExecutor.execute(TestCaseExecutor.java:369)
	at com.kms.katalon.core.common.CommonExecutor.accessTestCaseMainPhase(CommonExecutor.java:65)
	at com.kms.katalon.core.main.TestSuiteExecutor.accessTestSuiteMainPhase(TestSuiteExecutor.java:148)
	at com.kms.katalon.core.main.TestSuiteExecutor.execute(TestSuiteExecutor.java:106)
	at com.kms.katalon.core.main.TestCaseMain.startTestSuite(TestCaseMain.java:187)
	at com.kms.katalon.core.main.TestCaseMain$startTestSuite$0.call(Unknown Source)
	at TempTestSuite1679588702471.run(TempTestSuite1679588702471.groovy:36)
)
[[ATTACHMENT|/Users/sakthi/Katalon Studio/TestProject/Reports/20230323_162501/Demo Test Suite/20230323_162502/1679588810452.png]]

2023-03-23 16:26:50 - [MESSAGE][FAILED] - Verify element text of test object 'Object Repository/Page_Create New Customer Account/passwordMeter' FAILED. (Root cause: com.kms.katalon.core.exception.StepFailedException: Verify element text of test object 'Object Repository/Page_Create New Customer Account/passwordMeter' FAILED.
	at com.kms.katalon.core.webui.keyword.internal.WebUIKeywordMain.stepFailed(WebUIKeywordMain.groovy:64)
	at com.kms.katalon.core.webui.keyword.internal.WebUIKeywordMain.runKeyword(WebUIKeywordMain.groovy:26)
	at com.kms.katalon.core.webui.keyword.builtin.VerifyElementTextKeyword.verifyElementText(VerifyElementTextKeyword.groovy:72)
	at com.kms.katalon.core.webui.keyword.builtin.VerifyElementTextKeyword.execute(VerifyElementTextKeyword.groovy:40)
	at com.kms.katalon.core.keyword.internal.KeywordExecutor.executeKeywordForPlatform(KeywordExecutor.groovy:74)
	at com.kms.katalon.core.webui.keyword.WebUiBuiltInKeywords.verifyElementText(WebUiBuiltInKeywords.groovy:4749)
	at com.kms.katalon.core.webui.keyword.WebUiBuiltInKeywords$verifyElementText$3.call(Unknown Source)
	at TC01_without GenRocket Integration.run(TC01_without GenRocket Integration:41)
	at com.kms.katalon.core.main.ScriptEngine.run(ScriptEngine.java:194)
	at com.kms.katalon.core.main.ScriptEngine.runScriptAsRawText(ScriptEngine.java:119)
	at com.kms.katalon.core.main.TestCaseExecutor.runScript(TestCaseExecutor.java:448)
	at com.kms.katalon.core.main.TestCaseExecutor.doExecute(TestCaseExecutor.java:439)
	at com.kms.katalon.core.main.TestCaseExecutor.processExecutionPhase(TestCaseExecutor.java:418)
	at com.kms.katalon.core.main.TestCaseExecutor.accessMainPhase(TestCaseExecutor.java:410)
	at com.kms.katalon.core.main.TestCaseExecutor.execute(TestCaseExecutor.java:285)
	at com.kms.katalon.core.main.TestCaseExecutor.execute(TestCaseExecutor.java:369)
	at com.kms.katalon.core.main.TestCaseExecutor.execute(TestCaseExecutor.java:369)
	at com.kms.katalon.core.main.TestCaseExecutor.execute(TestCaseExecutor.java:369)
	at com.kms.katalon.core.common.CommonExecutor.accessTestCaseMainPhase(CommonExecutor.java:65)
	at com.kms.katalon.core.main.TestSuiteExecutor.accessTestSuiteMainPhase(TestSuiteExecutor.java:148)
	at com.kms.katalon.core.main.TestSuiteExecutor.execute(TestSuiteExecutor.java:106)
	at com.kms.katalon.core.main.TestCaseMain.startTestSuite(TestCaseMain.java:187)
	at com.kms.katalon.core.main.TestCaseMain$startTestSuite$0.call(Unknown Source)
	at TempTestSuite1679588702471.run(TempTestSuite1679588702471.groovy:36)
Caused by: com.kms.katalon.core.exception.StepFailedException: Actual text 'No Password' and expected text '' of test object 'Object Repository/Page_Create New Customer Account/passwordMeter' are NOT matched.
	at com.kms.katalon.core.webui.keyword.internal.WebUIKeywordMain.stepFailed(WebUIKeywordMain.groovy:64)
	at com.kms.katalon.core.webui.keyword.builtin.VerifyElementTextKeyword$_verifyElementText_closure1.doCall(VerifyElementTextKeyword.groovy:57)
	at com.kms.katalon.core.webui.keyword.builtin.VerifyElementTextKeyword$_verifyElementText_closure1.call(VerifyElementTextKeyword.groovy)
	at com.kms.katalon.core.webui.keyword.internal.WebUIKeywordMain.runKeyword(WebUIKeywordMain.groovy:20)
	... 22 more
)
[[ATTACHMENT|/Users/sakthi/Katalon Studio/TestProject/Reports/20230323_162501/Demo Test Suite/20230323_162502/1679588810542.png]]]]></system-out>
         <system-err><![CDATA[2023-03-23 16:26:26 - [TEST_CASE][FAILED] - Test Cases/Demo/TC01_without GenRocket Integration: Test Cases/Demo/TC01_without GenRocket Integration FAILED.
Reason:
com.kms.katalon.core.exception.StepFailedException: Verify element text of test object 'Object Repository/Page_Create New Customer Account/passwordMeter' FAILED.
	at com.kms.katalon.core.webui.keyword.internal.WebUIKeywordMain.stepFailed(WebUIKeywordMain.groovy:64)
	at com.kms.katalon.core.webui.keyword.internal.WebUIKeywordMain.runKeyword(WebUIKeywordMain.groovy:26)
	at com.kms.katalon.core.webui.keyword.builtin.VerifyElementTextKeyword.verifyElementText(VerifyElementTextKeyword.groovy:72)
	at com.kms.katalon.core.webui.keyword.builtin.VerifyElementTextKeyword.execute(VerifyElementTextKeyword.groovy:40)
	at com.kms.katalon.core.keyword.internal.KeywordExecutor.executeKeywordForPlatform(KeywordExecutor.groovy:74)
	at com.kms.katalon.core.webui.keyword.WebUiBuiltInKeywords.verifyElementText(WebUiBuiltInKeywords.groovy:4749)
	at com.kms.katalon.core.webui.keyword.WebUiBuiltInKeywords$verifyElementText$3.call(Unknown Source)
	at TC01_without GenRocket Integration.run(TC01_without GenRocket Integration:41)
	at com.kms.katalon.core.main.ScriptEngine.run(ScriptEngine.java:194)
	at com.kms.katalon.core.main.ScriptEngine.runScriptAsRawText(ScriptEngine.java:119)
	at com.kms.katalon.core.main.TestCaseExecutor.runScript(TestCaseExecutor.java:448)
	at com.kms.katalon.core.main.TestCaseExecutor.doExecute(TestCaseExecutor.java:439)
	at com.kms.katalon.core.main.TestCaseExecutor.processExecutionPhase(TestCaseExecutor.java:418)
	at com.kms.katalon.core.main.TestCaseExecutor.accessMainPhase(TestCaseExecutor.java:410)
	at com.kms.katalon.core.main.TestCaseExecutor.execute(TestCaseExecutor.java:285)
	at com.kms.katalon.core.main.TestCaseExecutor.execute(TestCaseExecutor.java:369)
	at com.kms.katalon.core.main.TestCaseExecutor.execute(TestCaseExecutor.java:369)
	at com.kms.katalon.core.main.TestCaseExecutor.execute(TestCaseExecutor.java:369)
	at com.kms.katalon.core.common.CommonExecutor.accessTestCaseMainPhase(CommonExecutor.java:65)
	at com.kms.katalon.core.main.TestSuiteExecutor.accessTestSuiteMainPhase(TestSuiteExecutor.java:148)
	at com.kms.katalon.core.main.TestSuiteExecutor.execute(TestSuiteExecutor.java:106)
	at com.kms.katalon.core.main.TestCaseMain.startTestSuite(TestCaseMain.java:187)
	at com.kms.katalon.core.main.TestCaseMain$startTestSuite$0.call(Unknown Source)
	at TempTestSuite1679588702471.run(TempTestSuite1679588702471.groovy:36)
Caused by: com.kms.katalon.core.exception.StepFailedException: Actual text 'No Password' and expected text '' of test object 'Object Repository/Page_Create New Customer Account/passwordMeter' are NOT matched.
	at com.kms.katalon.core.webui.keyword.internal.WebUIKeywordMain.stepFailed(WebUIKeywordMain.groovy:64)
	at com.kms.katalon.core.webui.keyword.builtin.VerifyElementTextKeyword$_verifyElementText_closure1.doCall(VerifyElementTextKeyword.groovy:57)
	at com.kms.katalon.core.webui.keyword.builtin.VerifyElementTextKeyword$_verifyElementText_closure1.call(VerifyElementTextKeyword.groovy)
	at com.kms.katalon.core.webui.keyword.internal.WebUIKeywordMain.runKeyword(WebUIKeywordMain.groovy:20)
	... 22 more]]></system-err>
      </testcase>
      <testcase name="Test Cases/Demo/TC02_with GenRocket Integration" time="133.278" classname="Test Cases/Demo/TC02_with GenRocket Integration" status="PASSED">
         <system-out><![CDATA[2023-03-23 16:26:50 - [TEST_CASE][PASSED] - Test Cases/Demo/TC02_with GenRocket Integration: Test Cases/Demo/TC02_with GenRocket Integration

2023-03-23 16:26:51 - [TEST_STEP][PASSED] - scenarioPath = "/Users/sakthi/Desktop/GenRocket/home": null

2023-03-23 16:26:51 - [TEST_STEP][PASSED] - scenarioName = "UserAccScenario.grs": null

2023-03-23 16:26:51 - [TEST_STEP][PASSED] - testDataSuiteName = "TestDataCase.gtdc": null

2023-03-23 16:26:51 - [TEST_STEP][PASSED] - testDataCategoryName = "System": null

2023-03-23 16:26:51 - [TEST_STEP][PASSED] - testDataCaseName = "pwdGen": null

2023-03-23 16:26:51 - [TEST_STEP][PASSED] - fileSep = System.getProperty("file.separator"): null

2023-03-23 16:26:51 - [TEST_STEP][PASSED] - scenarioPathAndName = scenarioPath + fileSep + scenarioName: null

2023-03-23 16:26:51 - [TEST_STEP][PASSED] - testDataSuitePath = scenarioPath + fileSep + testDataSuiteName: null

2023-03-23 16:26:51 - [TEST_STEP][PASSED] - out.println("scenarioPathAndName: " + scenarioPathAndName): null

2023-03-23 16:26:51 - [TEST_STEP][PASSED] - out.println("testDataSuitePath " + testDataSuitePath): null

2023-03-23 16:26:51 - [TEST_STEP][PASSED] - engine = new com.genRocket.engine.EngineManual(): null

2023-03-23 16:26:52 - [TEST_STEP][PASSED] - engine.scenarioLoad(scenarioPathAndName): null

2023-03-23 16:26:55 - [TEST_STEP][PASSED] - engine.testDataCaseAdd(testDataSuitePath, testDataCategoryName, testDataCaseName, true, true, null, null): null

2023-03-23 16:26:55 - [TEST_STEP][PASSED] - engine.applyGCases(): null

2023-03-23 16:26:55 - [TEST_STEP][PASSED] - engine.scenarioRun(): null

2023-03-23 16:26:56 - [TEST_STEP][PASSED] - jsonFile = new java.io.File((scenarioPath + /output/UserAccounts.json)): null

2023-03-23 16:26:56 - [TEST_STEP][PASSED] - jsonSlurper = new groovy.json.JsonSlurper(): null

2023-03-23 16:26:56 - [TEST_STEP][PASSED] - jsonData = jsonSlurper.parseText(text): null

2023-03-23 16:26:56 - [TEST_STEP][PASSED] - for (def testData : jsonData): Browser is closed

2023-03-23 16:26:56 - [TEST_STEP][PASSED] - grFName = fName: null

2023-03-23 16:26:56 - [TEST_STEP][PASSED] - grLName = lName: null

2023-03-23 16:26:56 - [TEST_STEP][PASSED] - gremail = email: null

2023-03-23 16:26:56 - [TEST_STEP][PASSED] - grPwd = pwd: null

2023-03-23 16:26:56 - [TEST_STEP][PASSED] - grCnfPwd = confirmPwd: null

2023-03-23 16:26:56 - [TEST_STEP][PASSED] - grpwdStrength = pwdStrength: null

2023-03-23 16:26:56 - [TEST_STEP][PASSED] - out.println("testData.email:" + gremail): null

2023-03-23 16:26:56 - [TEST_STEP][PASSED] - openBrowser(""): Browser is opened with url: ''

2023-03-23 16:26:56 - [MESSAGE][WARNING] - A browser is already opened. Closing browser and opening a new one

2023-03-23 16:26:56 - [MESSAGE][INFO] - Starting 'Chrome' driver

2023-03-23 16:26:56 - [MESSAGE][INFO] - Action delay is set to 0 milliseconds

2023-03-23 16:27:01 - [MESSAGE][PASSED] - Browser is opened with url: ''

2023-03-23 16:27:01 - [TEST_STEP][PASSED] - navigateToUrl("https://magento.softwaretestingboard.com/"): Navigate to 'https://magento.softwaretestingboard.com/' successfully

2023-03-23 16:27:09 - [MESSAGE][PASSED] - Navigate to 'https://magento.softwaretestingboard.com/' successfully

2023-03-23 16:27:09 - [TEST_STEP][PASSED] - click(findTestObject("Object Repository/Page_Home Page/a_Create an Account")): Object: 'Object Repository/Page_Home Page/a_Create an Account' is clicked on

2023-03-23 16:27:15 - [MESSAGE][PASSED] - Object: 'Object Repository/Page_Home Page/a_Create an Account' is clicked on

2023-03-23 16:27:15 - [TEST_STEP][PASSED] - setText(findTestObject("Object Repository/Page_Create New Customer Account/firstName"), grFName): Text 'Leslie' is set on object 'Object Repository/Page_Create New Customer Account/firstName'

2023-03-23 16:27:18 - [MESSAGE][PASSED] - Text 'Leslie' is set on object 'Object Repository/Page_Create New Customer Account/firstName'

2023-03-23 16:27:18 - [TEST_STEP][PASSED] - setText(findTestObject("Object Repository/Page_Create New Customer Account/lastName"), grLName): Text 'Zheng' is set on object 'Object Repository/Page_Create New Customer Account/lastName'

2023-03-23 16:27:19 - [MESSAGE][PASSED] - Text 'Zheng' is set on object 'Object Repository/Page_Create New Customer Account/lastName'

2023-03-23 16:27:19 - [TEST_STEP][PASSED] - click(findTestObject("Object Repository/Page_Create New Customer Account/subscription checkbox")): Object: 'Object Repository/Page_Create New Customer Account/subscription checkbox' is clicked on

2023-03-23 16:27:20 - [MESSAGE][PASSED] - Object: 'Object Repository/Page_Create New Customer Account/subscription checkbox' is clicked on

2023-03-23 16:27:20 - [TEST_STEP][PASSED] - setText(findTestObject("Object Repository/Page_Create New Customer Account/email"), gremail): Text 'Leslie.Zheng@live.com' is set on object 'Object Repository/Page_Create New Customer Account/email'

2023-03-23 16:27:21 - [MESSAGE][PASSED] - Text 'Leslie.Zheng@live.com' is set on object 'Object Repository/Page_Create New Customer Account/email'

2023-03-23 16:27:21 - [TEST_STEP][PASSED] - setText(findTestObject("Object Repository/Page_Create New Customer Account/pwd"), grPwd): Text 'Gsyb#329' is set on object 'Object Repository/Page_Create New Customer Account/pwd'

2023-03-23 16:27:22 - [MESSAGE][PASSED] - Text 'Gsyb#329' is set on object 'Object Repository/Page_Create New Customer Account/pwd'

2023-03-23 16:27:22 - [TEST_STEP][PASSED] - setText(findTestObject("Object Repository/Page_Create New Customer Account/pwd_confirm"), grCnfPwd): Text 'Gsyb#329' is set on object 'Object Repository/Page_Create New Customer Account/pwd_confirm'

2023-03-23 16:27:23 - [MESSAGE][PASSED] - Text 'Gsyb#329' is set on object 'Object Repository/Page_Create New Customer Account/pwd_confirm'

2023-03-23 16:27:23 - [TEST_STEP][PASSED] - verifyElementText(findTestObject("Page_Create New Customer Account/passwordMeter"), grpwdStrength): Actual text and expected text of test object 'Object Repository/Page_Create New Customer Account/passwordMeter' are matched.

2023-03-23 16:27:24 - [MESSAGE][PASSED] - Actual text and expected text of test object 'Object Repository/Page_Create New Customer Account/passwordMeter' are matched.

2023-03-23 16:27:24 - [TEST_STEP][PASSED] - click(findTestObject("Object Repository/Page_Create New Customer Account/Create an Account button")): Object: 'Object Repository/Page_Create New Customer Account/Create an Account button' is clicked on

2023-03-23 16:27:28 - [MESSAGE][PASSED] - Object: 'Object Repository/Page_Create New Customer Account/Create an Account button' is clicked on

2023-03-23 16:27:28 - [TEST_STEP][PASSED] - click(findTestObject("Object Repository/Page_My Account/img")): Object: 'Object Repository/Page_My Account/img' is clicked on

2023-03-23 16:27:31 - [MESSAGE][PASSED] - Object: 'Object Repository/Page_My Account/img' is clicked on

2023-03-23 16:27:31 - [TEST_STEP][PASSED] - enableSmartWait(): null

2023-03-23 16:27:31 - [TEST_STEP][PASSED] - click(findTestObject("Object Repository/Page_Home Page/button_Change")): Object: 'Object Repository/Page_Home Page/button_Change' is clicked on

2023-03-23 16:27:32 - [MESSAGE][PASSED] - Object: 'Object Repository/Page_Home Page/button_Change' is clicked on

2023-03-23 16:27:32 - [TEST_STEP][PASSED] - click(findTestObject("Object Repository/Page_Home Page/a_Sign Out")): Object: 'Object Repository/Page_Home Page/a_Sign Out' is clicked on

2023-03-23 16:27:34 - [MESSAGE][PASSED] - Object: 'Object Repository/Page_Home Page/a_Sign Out' is clicked on

2023-03-23 16:27:34 - [TEST_STEP][PASSED] - closeBrowser(): Browser is closed

2023-03-23 16:27:34 - [MESSAGE][PASSED] - Browser is closed

2023-03-23 16:27:34 - [TEST_STEP][PASSED] - grFName = fName: null

2023-03-23 16:27:34 - [TEST_STEP][PASSED] - grLName = lName: null

2023-03-23 16:27:34 - [TEST_STEP][PASSED] - gremail = email: null

2023-03-23 16:27:34 - [TEST_STEP][PASSED] - grPwd = pwd: null

2023-03-23 16:27:34 - [TEST_STEP][PASSED] - grCnfPwd = confirmPwd: null

2023-03-23 16:27:34 - [TEST_STEP][PASSED] - grpwdStrength = pwdStrength: null

2023-03-23 16:27:34 - [TEST_STEP][PASSED] - out.println("testData.email:" + gremail): null

2023-03-23 16:27:34 - [TEST_STEP][PASSED] - openBrowser(""): Browser is opened with url: ''

2023-03-23 16:27:34 - [MESSAGE][INFO] - Starting 'Chrome' driver

2023-03-23 16:27:34 - [MESSAGE][INFO] - Action delay is set to 0 milliseconds

2023-03-23 16:27:39 - [MESSAGE][PASSED] - Browser is opened with url: ''

2023-03-23 16:27:39 - [TEST_STEP][PASSED] - navigateToUrl("https://magento.softwaretestingboard.com/"): Navigate to 'https://magento.softwaretestingboard.com/' successfully

2023-03-23 16:27:44 - [MESSAGE][PASSED] - Navigate to 'https://magento.softwaretestingboard.com/' successfully

2023-03-23 16:27:44 - [TEST_STEP][PASSED] - click(findTestObject("Object Repository/Page_Home Page/a_Create an Account")): Object: 'Object Repository/Page_Home Page/a_Create an Account' is clicked on

2023-03-23 16:27:51 - [MESSAGE][PASSED] - Object: 'Object Repository/Page_Home Page/a_Create an Account' is clicked on

2023-03-23 16:27:51 - [TEST_STEP][PASSED] - setText(findTestObject("Object Repository/Page_Create New Customer Account/firstName"), grFName): Text 'Lawanna' is set on object 'Object Repository/Page_Create New Customer Account/firstName'

2023-03-23 16:27:53 - [MESSAGE][PASSED] - Text 'Lawanna' is set on object 'Object Repository/Page_Create New Customer Account/firstName'

2023-03-23 16:27:53 - [TEST_STEP][PASSED] - setText(findTestObject("Object Repository/Page_Create New Customer Account/lastName"), grLName): Text 'Casto' is set on object 'Object Repository/Page_Create New Customer Account/lastName'

2023-03-23 16:27:54 - [MESSAGE][PASSED] - Text 'Casto' is set on object 'Object Repository/Page_Create New Customer Account/lastName'

2023-03-23 16:27:54 - [TEST_STEP][PASSED] - click(findTestObject("Object Repository/Page_Create New Customer Account/subscription checkbox")): Object: 'Object Repository/Page_Create New Customer Account/subscription checkbox' is clicked on

2023-03-23 16:27:54 - [MESSAGE][PASSED] - Object: 'Object Repository/Page_Create New Customer Account/subscription checkbox' is clicked on

2023-03-23 16:27:54 - [TEST_STEP][PASSED] - setText(findTestObject("Object Repository/Page_Create New Customer Account/email"), gremail): Text 'Lawanna.Casto@outlook.com' is set on object 'Object Repository/Page_Create New Customer Account/email'

2023-03-23 16:27:55 - [MESSAGE][PASSED] - Text 'Lawanna.Casto@outlook.com' is set on object 'Object Repository/Page_Create New Customer Account/email'

2023-03-23 16:27:55 - [TEST_STEP][PASSED] - setText(findTestObject("Object Repository/Page_Create New Customer Account/pwd"), grPwd): Text 'Zmoya@369' is set on object 'Object Repository/Page_Create New Customer Account/pwd'

2023-03-23 16:27:57 - [MESSAGE][PASSED] - Text 'Zmoya@369' is set on object 'Object Repository/Page_Create New Customer Account/pwd'

2023-03-23 16:27:57 - [TEST_STEP][PASSED] - setText(findTestObject("Object Repository/Page_Create New Customer Account/pwd_confirm"), grCnfPwd): Text 'Zmoya@369' is set on object 'Object Repository/Page_Create New Customer Account/pwd_confirm'

2023-03-23 16:27:58 - [MESSAGE][PASSED] - Text 'Zmoya@369' is set on object 'Object Repository/Page_Create New Customer Account/pwd_confirm'

2023-03-23 16:27:58 - [TEST_STEP][PASSED] - verifyElementText(findTestObject("Page_Create New Customer Account/passwordMeter"), grpwdStrength): Actual text and expected text of test object 'Object Repository/Page_Create New Customer Account/passwordMeter' are matched.

2023-03-23 16:27:59 - [MESSAGE][PASSED] - Actual text and expected text of test object 'Object Repository/Page_Create New Customer Account/passwordMeter' are matched.

2023-03-23 16:27:59 - [TEST_STEP][PASSED] - click(findTestObject("Object Repository/Page_Create New Customer Account/Create an Account button")): Object: 'Object Repository/Page_Create New Customer Account/Create an Account button' is clicked on

2023-03-23 16:28:21 - [MESSAGE][PASSED] - Object: 'Object Repository/Page_Create New Customer Account/Create an Account button' is clicked on

2023-03-23 16:28:21 - [TEST_STEP][PASSED] - click(findTestObject("Object Repository/Page_My Account/img")): Object: 'Object Repository/Page_My Account/img' is clicked on

2023-03-23 16:28:24 - [MESSAGE][PASSED] - Object: 'Object Repository/Page_My Account/img' is clicked on

2023-03-23 16:28:24 - [TEST_STEP][PASSED] - enableSmartWait(): null

2023-03-23 16:28:24 - [TEST_STEP][PASSED] - click(findTestObject("Object Repository/Page_Home Page/button_Change")): Object: 'Object Repository/Page_Home Page/button_Change' is clicked on

2023-03-23 16:28:26 - [MESSAGE][PASSED] - Object: 'Object Repository/Page_Home Page/button_Change' is clicked on

2023-03-23 16:28:26 - [TEST_STEP][PASSED] - click(findTestObject("Object Repository/Page_Home Page/a_Sign Out")): Object: 'Object Repository/Page_Home Page/a_Sign Out' is clicked on

2023-03-23 16:28:28 - [MESSAGE][PASSED] - Object: 'Object Repository/Page_Home Page/a_Sign Out' is clicked on

2023-03-23 16:28:28 - [TEST_STEP][PASSED] - closeBrowser(): Browser is closed

2023-03-23 16:28:28 - [MESSAGE][PASSED] - Browser is closed

2023-03-23 16:28:28 - [TEST_STEP][PASSED] - grFName = fName: null

2023-03-23 16:28:28 - [TEST_STEP][PASSED] - grLName = lName: null

2023-03-23 16:28:28 - [TEST_STEP][PASSED] - gremail = email: null

2023-03-23 16:28:28 - [TEST_STEP][PASSED] - grPwd = pwd: null

2023-03-23 16:28:28 - [TEST_STEP][PASSED] - grCnfPwd = confirmPwd: null

2023-03-23 16:28:28 - [TEST_STEP][PASSED] - grpwdStrength = pwdStrength: null

2023-03-23 16:28:28 - [TEST_STEP][PASSED] - out.println("testData.email:" + gremail): null

2023-03-23 16:28:28 - [TEST_STEP][PASSED] - openBrowser(""): Browser is opened with url: ''

2023-03-23 16:28:28 - [MESSAGE][INFO] - Starting 'Chrome' driver

2023-03-23 16:28:28 - [MESSAGE][INFO] - Action delay is set to 0 milliseconds

2023-03-23 16:28:33 - [MESSAGE][PASSED] - Browser is opened with url: ''

2023-03-23 16:28:33 - [TEST_STEP][PASSED] - navigateToUrl("https://magento.softwaretestingboard.com/"): Navigate to 'https://magento.softwaretestingboard.com/' successfully

2023-03-23 16:28:38 - [MESSAGE][PASSED] - Navigate to 'https://magento.softwaretestingboard.com/' successfully

2023-03-23 16:28:38 - [TEST_STEP][PASSED] - click(findTestObject("Object Repository/Page_Home Page/a_Create an Account")): Object: 'Object Repository/Page_Home Page/a_Create an Account' is clicked on

2023-03-23 16:28:44 - [MESSAGE][PASSED] - Object: 'Object Repository/Page_Home Page/a_Create an Account' is clicked on

2023-03-23 16:28:44 - [TEST_STEP][PASSED] - setText(findTestObject("Object Repository/Page_Create New Customer Account/firstName"), grFName): Text 'Almeda' is set on object 'Object Repository/Page_Create New Customer Account/firstName'

2023-03-23 16:28:46 - [MESSAGE][PASSED] - Text 'Almeda' is set on object 'Object Repository/Page_Create New Customer Account/firstName'

2023-03-23 16:28:46 - [TEST_STEP][PASSED] - setText(findTestObject("Object Repository/Page_Create New Customer Account/lastName"), grLName): Text 'Grindstaff' is set on object 'Object Repository/Page_Create New Customer Account/lastName'

2023-03-23 16:28:47 - [MESSAGE][PASSED] - Text 'Grindstaff' is set on object 'Object Repository/Page_Create New Customer Account/lastName'

2023-03-23 16:28:47 - [TEST_STEP][PASSED] - click(findTestObject("Object Repository/Page_Create New Customer Account/subscription checkbox")): Object: 'Object Repository/Page_Create New Customer Account/subscription checkbox' is clicked on

2023-03-23 16:28:48 - [MESSAGE][PASSED] - Object: 'Object Repository/Page_Create New Customer Account/subscription checkbox' is clicked on

2023-03-23 16:28:48 - [TEST_STEP][PASSED] - setText(findTestObject("Object Repository/Page_Create New Customer Account/email"), gremail): Text 'Almeda.Grindstaff@bxpo.com' is set on object 'Object Repository/Page_Create New Customer Account/email'

2023-03-23 16:28:49 - [MESSAGE][PASSED] - Text 'Almeda.Grindstaff@bxpo.com' is set on object 'Object Repository/Page_Create New Customer Account/email'

2023-03-23 16:28:49 - [TEST_STEP][PASSED] - setText(findTestObject("Object Repository/Page_Create New Customer Account/pwd"), grPwd): Text '655_tlyoszz' is set on object 'Object Repository/Page_Create New Customer Account/pwd'

2023-03-23 16:28:50 - [MESSAGE][PASSED] - Text '655_tlyoszz' is set on object 'Object Repository/Page_Create New Customer Account/pwd'

2023-03-23 16:28:50 - [TEST_STEP][PASSED] - setText(findTestObject("Object Repository/Page_Create New Customer Account/pwd_confirm"), grCnfPwd): Text '655_tlyoszz' is set on object 'Object Repository/Page_Create New Customer Account/pwd_confirm'

2023-03-23 16:28:51 - [MESSAGE][PASSED] - Text '655_tlyoszz' is set on object 'Object Repository/Page_Create New Customer Account/pwd_confirm'

2023-03-23 16:28:51 - [TEST_STEP][PASSED] - verifyElementText(findTestObject("Page_Create New Customer Account/passwordMeter"), grpwdStrength): Actual text and expected text of test object 'Object Repository/Page_Create New Customer Account/passwordMeter' are matched.

2023-03-23 16:28:52 - [MESSAGE][PASSED] - Actual text and expected text of test object 'Object Repository/Page_Create New Customer Account/passwordMeter' are matched.

2023-03-23 16:28:52 - [TEST_STEP][PASSED] - click(findTestObject("Object Repository/Page_Create New Customer Account/Create an Account button")): Object: 'Object Repository/Page_Create New Customer Account/Create an Account button' is clicked on

2023-03-23 16:28:57 - [MESSAGE][PASSED] - Object: 'Object Repository/Page_Create New Customer Account/Create an Account button' is clicked on

2023-03-23 16:28:57 - [TEST_STEP][PASSED] - click(findTestObject("Object Repository/Page_My Account/img")): Object: 'Object Repository/Page_My Account/img' is clicked on

2023-03-23 16:29:00 - [MESSAGE][PASSED] - Object: 'Object Repository/Page_My Account/img' is clicked on

2023-03-23 16:29:00 - [TEST_STEP][PASSED] - enableSmartWait(): null

2023-03-23 16:29:00 - [TEST_STEP][PASSED] - click(findTestObject("Object Repository/Page_Home Page/button_Change")): Object: 'Object Repository/Page_Home Page/button_Change' is clicked on

2023-03-23 16:29:01 - [MESSAGE][PASSED] - Object: 'Object Repository/Page_Home Page/button_Change' is clicked on

2023-03-23 16:29:01 - [TEST_STEP][PASSED] - click(findTestObject("Object Repository/Page_Home Page/a_Sign Out")): Object: 'Object Repository/Page_Home Page/a_Sign Out' is clicked on

2023-03-23 16:29:03 - [MESSAGE][PASSED] - Object: 'Object Repository/Page_Home Page/a_Sign Out' is clicked on

2023-03-23 16:29:03 - [TEST_STEP][PASSED] - closeBrowser(): Browser is closed

2023-03-23 16:29:03 - [MESSAGE][PASSED] - Browser is closed]]></system-out>
         <system-err><![CDATA[]]></system-err>
      </testcase>
      <system-out><![CDATA[2023-03-23 16:25:09 - [TEST_SUITE][FAILED] - Demo Test Suite: Test Cases/Demo/TC01_without GenRocket Integration FAILED.
Reason:
com.kms.katalon.core.exception.StepFailedException: Verify element text of test object 'Object Repository/Page_Create New Customer Account/passwordMeter' FAILED.
	at com.kms.katalon.core.webui.keyword.internal.WebUIKeywordMain.stepFailed(WebUIKeywordMain.groovy:64)
	at com.kms.katalon.core.webui.keyword.internal.WebUIKeywordMain.runKeyword(WebUIKeywordMain.groovy:26)
	at com.kms.katalon.core.webui.keyword.builtin.VerifyElementTextKeyword.verifyElementText(VerifyElementTextKeyword.groovy:72)
	at com.kms.katalon.core.webui.keyword.builtin.VerifyElementTextKeyword.execute(VerifyElementTextKeyword.groovy:40)
	at com.kms.katalon.core.keyword.internal.KeywordExecutor.executeKeywordForPlatform(KeywordExecutor.groovy:74)
	at com.kms.katalon.core.webui.keyword.WebUiBuiltInKeywords.verifyElementText(WebUiBuiltInKeywords.groovy:4749)
	at com.kms.katalon.core.webui.keyword.WebUiBuiltInKeywords$verifyElementText$3.call(Unknown Source)
	at TC01_without GenRocket Integration.run(TC01_without GenRocket Integration:41)
	at com.kms.katalon.core.main.ScriptEngine.run(ScriptEngine.java:194)
	at com.kms.katalon.core.main.ScriptEngine.runScriptAsRawText(ScriptEngine.java:119)
	at com.kms.katalon.core.main.TestCaseExecutor.runScript(TestCaseExecutor.java:448)
	at com.kms.katalon.core.main.TestCaseExecutor.doExecute(TestCaseExecutor.java:439)
	at com.kms.katalon.core.main.TestCaseExecutor.processExecutionPhase(TestCaseExecutor.java:418)
	at com.kms.katalon.core.main.TestCaseExecutor.accessMainPhase(TestCaseExecutor.java:410)
	at com.kms.katalon.core.main.TestCaseExecutor.execute(TestCaseExecutor.java:285)
	at com.kms.katalon.core.common.CommonExecutor.accessTestCaseMainPhase(CommonExecutor.java:65)
	at com.kms.katalon.core.main.TestSuiteExecutor.accessTestSuiteMainPhase(TestSuiteExecutor.java:148)
	at com.kms.katalon.core.main.TestSuiteExecutor.execute(TestSuiteExecutor.java:106)
	at com.kms.katalon.core.main.TestCaseMain.startTestSuite(TestCaseMain.java:187)
	at com.kms.katalon.core.main.TestCaseMain$startTestSuite$0.call(Unknown Source)
	at TempTestSuite1679588702471.run(TempTestSuite1679588702471.groovy:36)
Caused by: com.kms.katalon.core.exception.StepFailedException: Actual text 'No Password' and expected text '' of test object 'Object Repository/Page_Create New Customer Account/passwordMeter' are NOT matched.
	at com.kms.katalon.core.webui.keyword.internal.WebUIKeywordMain.stepFailed(WebUIKeywordMain.groovy:64)
	at com.kms.katalon.core.webui.keyword.builtin.VerifyElementTextKeyword$_verifyElementText_closure1.doCall(VerifyElementTextKeyword.groovy:57)
	at com.kms.katalon.core.webui.keyword.builtin.VerifyElementTextKeyword$_verifyElementText_closure1.call(VerifyElementTextKeyword.groovy)
	at com.kms.katalon.core.webui.keyword.internal.WebUIKeywordMain.runKeyword(WebUIKeywordMain.groovy:20)
	... 19 more]]></system-out>
      <system-err><![CDATA[2023-03-23 16:25:09 - [TEST_SUITE][FAILED] - Demo Test Suite: Test Cases/Demo/TC01_without GenRocket Integration FAILED.
Reason:
com.kms.katalon.core.exception.StepFailedException: Verify element text of test object 'Object Repository/Page_Create New Customer Account/passwordMeter' FAILED.
	at com.kms.katalon.core.webui.keyword.internal.WebUIKeywordMain.stepFailed(WebUIKeywordMain.groovy:64)
	at com.kms.katalon.core.webui.keyword.internal.WebUIKeywordMain.runKeyword(WebUIKeywordMain.groovy:26)
	at com.kms.katalon.core.webui.keyword.builtin.VerifyElementTextKeyword.verifyElementText(VerifyElementTextKeyword.groovy:72)
	at com.kms.katalon.core.webui.keyword.builtin.VerifyElementTextKeyword.execute(VerifyElementTextKeyword.groovy:40)
	at com.kms.katalon.core.keyword.internal.KeywordExecutor.executeKeywordForPlatform(KeywordExecutor.groovy:74)
	at com.kms.katalon.core.webui.keyword.WebUiBuiltInKeywords.verifyElementText(WebUiBuiltInKeywords.groovy:4749)
	at com.kms.katalon.core.webui.keyword.WebUiBuiltInKeywords$verifyElementText$3.call(Unknown Source)
	at TC01_without GenRocket Integration.run(TC01_without GenRocket Integration:41)
	at com.kms.katalon.core.main.ScriptEngine.run(ScriptEngine.java:194)
	at com.kms.katalon.core.main.ScriptEngine.runScriptAsRawText(ScriptEngine.java:119)
	at com.kms.katalon.core.main.TestCaseExecutor.runScript(TestCaseExecutor.java:448)
	at com.kms.katalon.core.main.TestCaseExecutor.doExecute(TestCaseExecutor.java:439)
	at com.kms.katalon.core.main.TestCaseExecutor.processExecutionPhase(TestCaseExecutor.java:418)
	at com.kms.katalon.core.main.TestCaseExecutor.accessMainPhase(TestCaseExecutor.java:410)
	at com.kms.katalon.core.main.TestCaseExecutor.execute(TestCaseExecutor.java:285)
	at com.kms.katalon.core.common.CommonExecutor.accessTestCaseMainPhase(CommonExecutor.java:65)
	at com.kms.katalon.core.main.TestSuiteExecutor.accessTestSuiteMainPhase(TestSuiteExecutor.java:148)
	at com.kms.katalon.core.main.TestSuiteExecutor.execute(TestSuiteExecutor.java:106)
	at com.kms.katalon.core.main.TestCaseMain.startTestSuite(TestCaseMain.java:187)
	at com.kms.katalon.core.main.TestCaseMain$startTestSuite$0.call(Unknown Source)
	at TempTestSuite1679588702471.run(TempTestSuite1679588702471.groovy:36)
Caused by: com.kms.katalon.core.exception.StepFailedException: Actual text 'No Password' and expected text '' of test object 'Object Repository/Page_Create New Customer Account/passwordMeter' are NOT matched.
	at com.kms.katalon.core.webui.keyword.internal.WebUIKeywordMain.stepFailed(WebUIKeywordMain.groovy:64)
	at com.kms.katalon.core.webui.keyword.builtin.VerifyElementTextKeyword$_verifyElementText_closure1.doCall(VerifyElementTextKeyword.groovy:57)
	at com.kms.katalon.core.webui.keyword.builtin.VerifyElementTextKeyword$_verifyElementText_closure1.call(VerifyElementTextKeyword.groovy)
	at com.kms.katalon.core.webui.keyword.internal.WebUIKeywordMain.runKeyword(WebUIKeywordMain.groovy:20)
	... 19 more]]></system-err>
   </testsuite>
</testsuites>
