<?xml version="1.0" encoding="UTF-8"?>
<testsuites name="Demo Test Suite" time="152.902" tests="2" failures="1" errors="0">
   <testsuite name="Demo Test Suite" tests="2" failures="1" errors="0" time="152.902" skipped="0" timestamp="2023-03-23 20:03:27" hostname="sakthi - sakthivels-mbp" id="Test Suites/Demo Test Suite">
      <properties>
         <property name="deviceName" value=""/>
         <property name="devicePlatform" value=""/>
         <property name="logFolder" value="/Users/sakthi/Katalon Studio/TestProject/Reports/20230323_200319/Demo Test Suite/20230323_200319"/>
         <property name="logFiles" value="/Users/sakthi/Katalon Studio/TestProject/Reports/20230323_200319/Demo Test Suite/20230323_200319/execution0.log"/>
         <property name="attachments" value="/Users/sakthi/Katalon Studio/TestProject/Reports/20230323_200319/Demo Test Suite/20230323_200319/1679601851928.png, /Users/sakthi/Katalon Studio/TestProject/Reports/20230323_200319/Demo Test Suite/20230323_200319/1679601852062.png"/>
         <property name="hostName" value="sakthi - sakthivels-mbp"/>
         <property name="os" value="Mac OS X 64bit"/>
         <property name="katalonVersion" value="8.6.0.208"/>
         <property name="browser" value="Chrome 111.0.0.0"/>
         <property name="hostAddress" value="192.168.0.45"/>
         <property name="sessionId" value="e3ac426de2ebc0b952acf983cb4190ad"/>
         <property name="seleniumVersion" value="3.141.59"/>
         <property name="proxyInformation" value="ProxyInformation { proxyOption=NO_PROXY, proxyServerType=HTTP, username=, password=********, proxyServerAddress=, proxyServerPort=0, executionList=&quot;&quot;, isApplyToDesiredCapabilities=true }"/>
         <property name="platform" value="Mac OS X"/>
      </properties>
      <testcase name="Test Cases/Demo/TC01_without GenRocket Integration" time="44.238" classname="Test Cases/Demo/TC01_without GenRocket Integration" status="FAILED">
         <failure type="FAILED" message="Test Cases/Demo/TC01_without GenRocket Integration FAILED.
Reason:
com.kms.katalon.core.exception.StepFailedException: Verify element text of test object 'Object Repository/Page_Create New Customer Account/passwordMeter' FAILED.
	at com.kms.katalon.core.webui.keyword.internal.WebUIKeywordMain.stepFailed(WebUIKeywordMain.groovy:64)
	at com.kms.katalon.core.webui.keyword.internal.WebUIKeywordMain.runKeyword(WebUIKeywordMain.groovy:26)
	at com.kms.katalon.core.webui.keyword.builtin.VerifyElementTextKeyword.verifyElementText(VerifyElementTextKeyword.groovy:72)
	at com.kms.katalon.core.webui.keyword.builtin.VerifyElementTextKeyword.execute(VerifyElementTextKeyword.groovy:40)
	at com.kms.katalon.core.keyword.internal.KeywordExecutor.executeKeywordForPlatform(KeywordExecutor.groovy:74)
	at com.kms.katalon.core.webui.keyword.WebUiBuiltInKeywords.verifyElementText(WebUiBuiltInKeywords.groovy:4749)
	at com.kms.katalon.core.webui.keyword.WebUiBuiltInKeywords$verifyElementText$3.call(Unknown Source)
	at TC01_without GenRocket Integration.run(TC01_without GenRocket Integration:41)
	at com.kms.katalon.core.main.ScriptEngine.run(ScriptEngine.java:194)
	at com.kms.katalon.core.main.ScriptEngine.runScriptAsRawText(ScriptEngine.java:119)
	at com.kms.katalon.core.main.TestCaseExecutor.runScript(TestCaseExecutor.java:448)
	at com.kms.katalon.core.main.TestCaseExecutor.doExecute(TestCaseExecutor.java:439)
	at com.kms.katalon.core.main.TestCaseExecutor.processExecutionPhase(TestCaseExecutor.java:418)
	at com.kms.katalon.core.main.TestCaseExecutor.accessMainPhase(TestCaseExecutor.java:410)
	at com.kms.katalon.core.main.TestCaseExecutor.execute(TestCaseExecutor.java:285)
	at com.kms.katalon.core.common.CommonExecutor.accessTestCaseMainPhase(CommonExecutor.java:65)
	at com.kms.katalon.core.main.TestSuiteExecutor.accessTestSuiteMainPhase(TestSuiteExecutor.java:148)
	at com.kms.katalon.core.main.TestSuiteExecutor.execute(TestSuiteExecutor.java:106)
	at com.kms.katalon.core.main.TestCaseMain.startTestSuite(TestCaseMain.java:187)
	at com.kms.katalon.core.main.TestCaseMain$startTestSuite$0.call(Unknown Source)
	at TempTestSuite1679601799778.run(TempTestSuite1679601799778.groovy:36)
Caused by: com.kms.katalon.core.exception.StepFailedException: Actual text 'No Password' and expected text '' of test object 'Object Repository/Page_Create New Customer Account/passwordMeter' are NOT matched.
	at com.kms.katalon.core.webui.keyword.internal.WebUIKeywordMain.stepFailed(WebUIKeywordMain.groovy:64)
	at com.kms.katalon.core.webui.keyword.builtin.VerifyElementTextKeyword$_verifyElementText_closure1.doCall(VerifyElementTextKeyword.groovy:57)
	at com.kms.katalon.core.webui.keyword.builtin.VerifyElementTextKeyword$_verifyElementText_closure1.call(VerifyElementTextKeyword.groovy)
	at com.kms.katalon.core.webui.keyword.internal.WebUIKeywordMain.runKeyword(WebUIKeywordMain.groovy:20)
	... 19 more
"/>
         <system-out><![CDATA[2023-03-23 20:03:27 - [TEST_CASE][FAILED] - Test Cases/Demo/TC01_without GenRocket Integration: Test Cases/Demo/TC01_without GenRocket Integration FAILED.
Reason:
com.kms.katalon.core.exception.StepFailedException: Verify element text of test object 'Object Repository/Page_Create New Customer Account/passwordMeter' FAILED.
	at com.kms.katalon.core.webui.keyword.internal.WebUIKeywordMain.stepFailed(WebUIKeywordMain.groovy:64)
	at com.kms.katalon.core.webui.keyword.internal.WebUIKeywordMain.runKeyword(WebUIKeywordMain.groovy:26)
	at com.kms.katalon.core.webui.keyword.builtin.VerifyElementTextKeyword.verifyElementText(VerifyElementTextKeyword.groovy:72)
	at com.kms.katalon.core.webui.keyword.builtin.VerifyElementTextKeyword.execute(VerifyElementTextKeyword.groovy:40)
	at com.kms.katalon.core.keyword.internal.KeywordExecutor.executeKeywordForPlatform(KeywordExecutor.groovy:74)
	at com.kms.katalon.core.webui.keyword.WebUiBuiltInKeywords.verifyElementText(WebUiBuiltInKeywords.groovy:4749)
	at com.kms.katalon.core.webui.keyword.WebUiBuiltInKeywords$verifyElementText$3.call(Unknown Source)
	at TC01_without GenRocket Integration.run(TC01_without GenRocket Integration:41)
	at com.kms.katalon.core.main.ScriptEngine.run(ScriptEngine.java:194)
	at com.kms.katalon.core.main.ScriptEngine.runScriptAsRawText(ScriptEngine.java:119)
	at com.kms.katalon.core.main.TestCaseExecutor.runScript(TestCaseExecutor.java:448)
	at com.kms.katalon.core.main.TestCaseExecutor.doExecute(TestCaseExecutor.java:439)
	at com.kms.katalon.core.main.TestCaseExecutor.processExecutionPhase(TestCaseExecutor.java:418)
	at com.kms.katalon.core.main.TestCaseExecutor.accessMainPhase(TestCaseExecutor.java:410)
	at com.kms.katalon.core.main.TestCaseExecutor.execute(TestCaseExecutor.java:285)
	at com.kms.katalon.core.common.CommonExecutor.accessTestCaseMainPhase(CommonExecutor.java:65)
	at com.kms.katalon.core.main.TestSuiteExecutor.accessTestSuiteMainPhase(TestSuiteExecutor.java:148)
	at com.kms.katalon.core.main.TestSuiteExecutor.execute(TestSuiteExecutor.java:106)
	at com.kms.katalon.core.main.TestCaseMain.startTestSuite(TestCaseMain.java:187)
	at com.kms.katalon.core.main.TestCaseMain$startTestSuite$0.call(Unknown Source)
	at TempTestSuite1679601799778.run(TempTestSuite1679601799778.groovy:36)
Caused by: com.kms.katalon.core.exception.StepFailedException: Actual text 'No Password' and expected text '' of test object 'Object Repository/Page_Create New Customer Account/passwordMeter' are NOT matched.
	at com.kms.katalon.core.webui.keyword.internal.WebUIKeywordMain.stepFailed(WebUIKeywordMain.groovy:64)
	at com.kms.katalon.core.webui.keyword.builtin.VerifyElementTextKeyword$_verifyElementText_closure1.doCall(VerifyElementTextKeyword.groovy:57)
	at com.kms.katalon.core.webui.keyword.builtin.VerifyElementTextKeyword$_verifyElementText_closure1.call(VerifyElementTextKeyword.groovy)
	at com.kms.katalon.core.webui.keyword.internal.WebUIKeywordMain.runKeyword(WebUIKeywordMain.groovy:20)
	... 19 more


2023-03-23 20:03:28 - [TEST_STEP][PASSED] - openBrowser(""): Browser is opened with url: ''

2023-03-23 20:03:29 - [MESSAGE][INFO] - Starting 'Chrome' driver

2023-03-23 20:03:29 - [MESSAGE][INFO] - Action delay is set to 0 milliseconds

2023-03-23 20:03:53 - [MESSAGE][PASSED] - Browser is opened with url: ''

2023-03-23 20:03:53 - [TEST_STEP][PASSED] - navigateToUrl("https://magento.softwaretestingboard.com/"): Navigate to 'https://magento.softwaretestingboard.com/' successfully

2023-03-23 20:03:58 - [MESSAGE][PASSED] - Navigate to 'https://magento.softwaretestingboard.com/' successfully

2023-03-23 20:03:58 - [TEST_STEP][PASSED] - click(findTestObject("Object Repository/Page_Home Page/a_Create an Account")): Object: 'Object Repository/Page_Home Page/a_Create an Account' is clicked on

2023-03-23 20:04:04 - [MESSAGE][PASSED] - Object: 'Object Repository/Page_Home Page/a_Create an Account' is clicked on

2023-03-23 20:04:04 - [TEST_STEP][PASSED] - setText(findTestObject("Object Repository/Page_Create New Customer Account/firstName"), fName): Text '' is set on object 'Object Repository/Page_Create New Customer Account/firstName'

2023-03-23 20:04:06 - [MESSAGE][PASSED] - Text '' is set on object 'Object Repository/Page_Create New Customer Account/firstName'

2023-03-23 20:04:06 - [TEST_STEP][PASSED] - setText(findTestObject("Object Repository/Page_Create New Customer Account/lastName"), lName): Text '' is set on object 'Object Repository/Page_Create New Customer Account/lastName'

2023-03-23 20:04:07 - [MESSAGE][PASSED] - Text '' is set on object 'Object Repository/Page_Create New Customer Account/lastName'

2023-03-23 20:04:07 - [TEST_STEP][PASSED] - click(findTestObject("Object Repository/Page_Create New Customer Account/subscription checkbox")): Object: 'Object Repository/Page_Create New Customer Account/subscription checkbox' is clicked on

2023-03-23 20:04:08 - [MESSAGE][PASSED] - Object: 'Object Repository/Page_Create New Customer Account/subscription checkbox' is clicked on

2023-03-23 20:04:08 - [TEST_STEP][PASSED] - setText(findTestObject("Object Repository/Page_Create New Customer Account/email"), email): Text '' is set on object 'Object Repository/Page_Create New Customer Account/email'

2023-03-23 20:04:09 - [MESSAGE][PASSED] - Text '' is set on object 'Object Repository/Page_Create New Customer Account/email'

2023-03-23 20:04:09 - [TEST_STEP][PASSED] - setText(findTestObject("Object Repository/Page_Create New Customer Account/pwd"), pwd): Text '' is set on object 'Object Repository/Page_Create New Customer Account/pwd'

2023-03-23 20:04:10 - [MESSAGE][PASSED] - Text '' is set on object 'Object Repository/Page_Create New Customer Account/pwd'

2023-03-23 20:04:10 - [TEST_STEP][PASSED] - out.println("pwd:" + pwd): null

2023-03-23 20:04:10 - [TEST_STEP][PASSED] - setText(findTestObject("Object Repository/Page_Create New Customer Account/pwd_confirm"), confirmPwd): Text '' is set on object 'Object Repository/Page_Create New Customer Account/pwd_confirm'

2023-03-23 20:04:11 - [MESSAGE][PASSED] - Text '' is set on object 'Object Repository/Page_Create New Customer Account/pwd_confirm'

2023-03-23 20:04:11 - [TEST_STEP][FAILED] - verifyElementText(findTestObject("Page_Create New Customer Account/passwordMeter"), pwdStrength): Verify element text of test object 'Object Repository/Page_Create New Customer Account/passwordMeter' FAILED. (Root cause: com.kms.katalon.core.exception.StepFailedException: Verify element text of test object 'Object Repository/Page_Create New Customer Account/passwordMeter' FAILED.
	at com.kms.katalon.core.webui.keyword.internal.WebUIKeywordMain.stepFailed(WebUIKeywordMain.groovy:64)
	at com.kms.katalon.core.webui.keyword.internal.WebUIKeywordMain.runKeyword(WebUIKeywordMain.groovy:26)
	at com.kms.katalon.core.webui.keyword.builtin.VerifyElementTextKeyword.verifyElementText(VerifyElementTextKeyword.groovy:72)
	at com.kms.katalon.core.webui.keyword.builtin.VerifyElementTextKeyword.execute(VerifyElementTextKeyword.groovy:40)
	at com.kms.katalon.core.keyword.internal.KeywordExecutor.executeKeywordForPlatform(KeywordExecutor.groovy:74)
	at com.kms.katalon.core.webui.keyword.WebUiBuiltInKeywords.verifyElementText(WebUiBuiltInKeywords.groovy:4749)
	at com.kms.katalon.core.webui.keyword.WebUiBuiltInKeywords$verifyElementText$3.call(Unknown Source)
	at TC01_without GenRocket Integration.run(TC01_without GenRocket Integration:41)
	at com.kms.katalon.core.main.ScriptEngine.run(ScriptEngine.java:194)
	at com.kms.katalon.core.main.ScriptEngine.runScriptAsRawText(ScriptEngine.java:119)
	at com.kms.katalon.core.main.TestCaseExecutor.runScript(TestCaseExecutor.java:448)
	at com.kms.katalon.core.main.TestCaseExecutor.doExecute(TestCaseExecutor.java:439)
	at com.kms.katalon.core.main.TestCaseExecutor.processExecutionPhase(TestCaseExecutor.java:418)
	at com.kms.katalon.core.main.TestCaseExecutor.accessMainPhase(TestCaseExecutor.java:410)
	at com.kms.katalon.core.main.TestCaseExecutor.execute(TestCaseExecutor.java:285)
	at com.kms.katalon.core.common.CommonExecutor.accessTestCaseMainPhase(CommonExecutor.java:65)
	at com.kms.katalon.core.main.TestSuiteExecutor.accessTestSuiteMainPhase(TestSuiteExecutor.java:148)
	at com.kms.katalon.core.main.TestSuiteExecutor.execute(TestSuiteExecutor.java:106)
	at com.kms.katalon.core.main.TestCaseMain.startTestSuite(TestCaseMain.java:187)
	at com.kms.katalon.core.main.TestCaseMain$startTestSuite$0.call(Unknown Source)
	at TempTestSuite1679601799778.run(TempTestSuite1679601799778.groovy:36)
Caused by: com.kms.katalon.core.exception.StepFailedException: Actual text 'No Password' and expected text '' of test object 'Object Repository/Page_Create New Customer Account/passwordMeter' are NOT matched.
	at com.kms.katalon.core.webui.keyword.internal.WebUIKeywordMain.stepFailed(WebUIKeywordMain.groovy:64)
	at com.kms.katalon.core.webui.keyword.builtin.VerifyElementTextKeyword$_verifyElementText_closure1.doCall(VerifyElementTextKeyword.groovy:57)
	at com.kms.katalon.core.webui.keyword.builtin.VerifyElementTextKeyword$_verifyElementText_closure1.call(VerifyElementTextKeyword.groovy)
	at com.kms.katalon.core.webui.keyword.internal.WebUIKeywordMain.runKeyword(WebUIKeywordMain.groovy:20)
	... 19 more
)

2023-03-23 20:04:12 - [MESSAGE][FAILED] - Actual text 'No Password' and expected text '' of test object 'Object Repository/Page_Create New Customer Account/passwordMeter' are NOT matched. (Root cause: com.kms.katalon.core.exception.StepFailedException: Actual text 'No Password' and expected text '' of test object 'Object Repository/Page_Create New Customer Account/passwordMeter' are NOT matched.
	at com.kms.katalon.core.webui.keyword.internal.WebUIKeywordMain.stepFailed(WebUIKeywordMain.groovy:64)
	at com.kms.katalon.core.webui.keyword.builtin.VerifyElementTextKeyword$_verifyElementText_closure1.doCall(VerifyElementTextKeyword.groovy:57)
	at com.kms.katalon.core.webui.keyword.builtin.VerifyElementTextKeyword$_verifyElementText_closure1.call(VerifyElementTextKeyword.groovy)
	at com.kms.katalon.core.webui.keyword.internal.WebUIKeywordMain.runKeyword(WebUIKeywordMain.groovy:20)
	at com.kms.katalon.core.webui.keyword.builtin.VerifyElementTextKeyword.verifyElementText(VerifyElementTextKeyword.groovy:72)
	at com.kms.katalon.core.webui.keyword.builtin.VerifyElementTextKeyword.execute(VerifyElementTextKeyword.groovy:40)
	at com.kms.katalon.core.keyword.internal.KeywordExecutor.executeKeywordForPlatform(KeywordExecutor.groovy:74)
	at com.kms.katalon.core.webui.keyword.WebUiBuiltInKeywords.verifyElementText(WebUiBuiltInKeywords.groovy:4749)
	at com.kms.katalon.core.webui.keyword.WebUiBuiltInKeywords$verifyElementText$3.call(Unknown Source)
	at TC01_without GenRocket Integration.run(TC01_without GenRocket Integration:41)
	at com.kms.katalon.core.main.ScriptEngine.run(ScriptEngine.java:194)
	at com.kms.katalon.core.main.ScriptEngine.runScriptAsRawText(ScriptEngine.java:119)
	at com.kms.katalon.core.main.TestCaseExecutor.runScript(TestCaseExecutor.java:448)
	at com.kms.katalon.core.main.TestCaseExecutor.doExecute(TestCaseExecutor.java:439)
	at com.kms.katalon.core.main.TestCaseExecutor.processExecutionPhase(TestCaseExecutor.java:418)
	at com.kms.katalon.core.main.TestCaseExecutor.accessMainPhase(TestCaseExecutor.java:410)
	at com.kms.katalon.core.main.TestCaseExecutor.execute(TestCaseExecutor.java:285)
	at com.kms.katalon.core.common.CommonExecutor.accessTestCaseMainPhase(CommonExecutor.java:65)
	at com.kms.katalon.core.main.TestSuiteExecutor.accessTestSuiteMainPhase(TestSuiteExecutor.java:148)
	at com.kms.katalon.core.main.TestSuiteExecutor.execute(TestSuiteExecutor.java:106)
	at com.kms.katalon.core.main.TestCaseMain.startTestSuite(TestCaseMain.java:187)
	at com.kms.katalon.core.main.TestCaseMain$startTestSuite$0.call(Unknown Source)
	at TempTestSuite1679601799778.run(TempTestSuite1679601799778.groovy:36)
)
[[ATTACHMENT|/Users/sakthi/Katalon Studio/TestProject/Reports/20230323_200319/Demo Test Suite/20230323_200319/1679601851928.png]]

2023-03-23 20:04:12 - [MESSAGE][FAILED] - Verify element text of test object 'Object Repository/Page_Create New Customer Account/passwordMeter' FAILED. (Root cause: com.kms.katalon.core.exception.StepFailedException: Verify element text of test object 'Object Repository/Page_Create New Customer Account/passwordMeter' FAILED.
	at com.kms.katalon.core.webui.keyword.internal.WebUIKeywordMain.stepFailed(WebUIKeywordMain.groovy:64)
	at com.kms.katalon.core.webui.keyword.internal.WebUIKeywordMain.runKeyword(WebUIKeywordMain.groovy:26)
	at com.kms.katalon.core.webui.keyword.builtin.VerifyElementTextKeyword.verifyElementText(VerifyElementTextKeyword.groovy:72)
	at com.kms.katalon.core.webui.keyword.builtin.VerifyElementTextKeyword.execute(VerifyElementTextKeyword.groovy:40)
	at com.kms.katalon.core.keyword.internal.KeywordExecutor.executeKeywordForPlatform(KeywordExecutor.groovy:74)
	at com.kms.katalon.core.webui.keyword.WebUiBuiltInKeywords.verifyElementText(WebUiBuiltInKeywords.groovy:4749)
	at com.kms.katalon.core.webui.keyword.WebUiBuiltInKeywords$verifyElementText$3.call(Unknown Source)
	at TC01_without GenRocket Integration.run(TC01_without GenRocket Integration:41)
	at com.kms.katalon.core.main.ScriptEngine.run(ScriptEngine.java:194)
	at com.kms.katalon.core.main.ScriptEngine.runScriptAsRawText(ScriptEngine.java:119)
	at com.kms.katalon.core.main.TestCaseExecutor.runScript(TestCaseExecutor.java:448)
	at com.kms.katalon.core.main.TestCaseExecutor.doExecute(TestCaseExecutor.java:439)
	at com.kms.katalon.core.main.TestCaseExecutor.processExecutionPhase(TestCaseExecutor.java:418)
	at com.kms.katalon.core.main.TestCaseExecutor.accessMainPhase(TestCaseExecutor.java:410)
	at com.kms.katalon.core.main.TestCaseExecutor.execute(TestCaseExecutor.java:285)
	at com.kms.katalon.core.common.CommonExecutor.accessTestCaseMainPhase(CommonExecutor.java:65)
	at com.kms.katalon.core.main.TestSuiteExecutor.accessTestSuiteMainPhase(TestSuiteExecutor.java:148)
	at com.kms.katalon.core.main.TestSuiteExecutor.execute(TestSuiteExecutor.java:106)
	at com.kms.katalon.core.main.TestCaseMain.startTestSuite(TestCaseMain.java:187)
	at com.kms.katalon.core.main.TestCaseMain$startTestSuite$0.call(Unknown Source)
	at TempTestSuite1679601799778.run(TempTestSuite1679601799778.groovy:36)
Caused by: com.kms.katalon.core.exception.StepFailedException: Actual text 'No Password' and expected text '' of test object 'Object Repository/Page_Create New Customer Account/passwordMeter' are NOT matched.
	at com.kms.katalon.core.webui.keyword.internal.WebUIKeywordMain.stepFailed(WebUIKeywordMain.groovy:64)
	at com.kms.katalon.core.webui.keyword.builtin.VerifyElementTextKeyword$_verifyElementText_closure1.doCall(VerifyElementTextKeyword.groovy:57)
	at com.kms.katalon.core.webui.keyword.builtin.VerifyElementTextKeyword$_verifyElementText_closure1.call(VerifyElementTextKeyword.groovy)
	at com.kms.katalon.core.webui.keyword.internal.WebUIKeywordMain.runKeyword(WebUIKeywordMain.groovy:20)
	... 19 more
)
[[ATTACHMENT|/Users/sakthi/Katalon Studio/TestProject/Reports/20230323_200319/Demo Test Suite/20230323_200319/1679601852062.png]]]]></system-out>
         <system-err><![CDATA[2023-03-23 20:03:27 - [TEST_CASE][FAILED] - Test Cases/Demo/TC01_without GenRocket Integration: Test Cases/Demo/TC01_without GenRocket Integration FAILED.
Reason:
com.kms.katalon.core.exception.StepFailedException: Verify element text of test object 'Object Repository/Page_Create New Customer Account/passwordMeter' FAILED.
	at com.kms.katalon.core.webui.keyword.internal.WebUIKeywordMain.stepFailed(WebUIKeywordMain.groovy:64)
	at com.kms.katalon.core.webui.keyword.internal.WebUIKeywordMain.runKeyword(WebUIKeywordMain.groovy:26)
	at com.kms.katalon.core.webui.keyword.builtin.VerifyElementTextKeyword.verifyElementText(VerifyElementTextKeyword.groovy:72)
	at com.kms.katalon.core.webui.keyword.builtin.VerifyElementTextKeyword.execute(VerifyElementTextKeyword.groovy:40)
	at com.kms.katalon.core.keyword.internal.KeywordExecutor.executeKeywordForPlatform(KeywordExecutor.groovy:74)
	at com.kms.katalon.core.webui.keyword.WebUiBuiltInKeywords.verifyElementText(WebUiBuiltInKeywords.groovy:4749)
	at com.kms.katalon.core.webui.keyword.WebUiBuiltInKeywords$verifyElementText$3.call(Unknown Source)
	at TC01_without GenRocket Integration.run(TC01_without GenRocket Integration:41)
	at com.kms.katalon.core.main.ScriptEngine.run(ScriptEngine.java:194)
	at com.kms.katalon.core.main.ScriptEngine.runScriptAsRawText(ScriptEngine.java:119)
	at com.kms.katalon.core.main.TestCaseExecutor.runScript(TestCaseExecutor.java:448)
	at com.kms.katalon.core.main.TestCaseExecutor.doExecute(TestCaseExecutor.java:439)
	at com.kms.katalon.core.main.TestCaseExecutor.processExecutionPhase(TestCaseExecutor.java:418)
	at com.kms.katalon.core.main.TestCaseExecutor.accessMainPhase(TestCaseExecutor.java:410)
	at com.kms.katalon.core.main.TestCaseExecutor.execute(TestCaseExecutor.java:285)
	at com.kms.katalon.core.common.CommonExecutor.accessTestCaseMainPhase(CommonExecutor.java:65)
	at com.kms.katalon.core.main.TestSuiteExecutor.accessTestSuiteMainPhase(TestSuiteExecutor.java:148)
	at com.kms.katalon.core.main.TestSuiteExecutor.execute(TestSuiteExecutor.java:106)
	at com.kms.katalon.core.main.TestCaseMain.startTestSuite(TestCaseMain.java:187)
	at com.kms.katalon.core.main.TestCaseMain$startTestSuite$0.call(Unknown Source)
	at TempTestSuite1679601799778.run(TempTestSuite1679601799778.groovy:36)
Caused by: com.kms.katalon.core.exception.StepFailedException: Actual text 'No Password' and expected text '' of test object 'Object Repository/Page_Create New Customer Account/passwordMeter' are NOT matched.
	at com.kms.katalon.core.webui.keyword.internal.WebUIKeywordMain.stepFailed(WebUIKeywordMain.groovy:64)
	at com.kms.katalon.core.webui.keyword.builtin.VerifyElementTextKeyword$_verifyElementText_closure1.doCall(VerifyElementTextKeyword.groovy:57)
	at com.kms.katalon.core.webui.keyword.builtin.VerifyElementTextKeyword$_verifyElementText_closure1.call(VerifyElementTextKeyword.groovy)
	at com.kms.katalon.core.webui.keyword.internal.WebUIKeywordMain.runKeyword(WebUIKeywordMain.groovy:20)
	... 19 more]]></system-err>
      </testcase>
      <testcase name="Test Cases/Demo/TC01_with GenRocket Integration" time="108.167" classname="Test Cases/Demo/TC01_with GenRocket Integration" status="PASSED">
         <system-out><![CDATA[2023-03-23 20:04:12 - [TEST_CASE][PASSED] - Test Cases/Demo/TC01_with GenRocket Integration: Test Cases/Demo/TC01_with GenRocket Integration

2023-03-23 20:04:12 - [TEST_STEP][PASSED] - scenarioPath = "/Users/sakthi/Desktop/GenRocket/home": null

2023-03-23 20:04:12 - [TEST_STEP][PASSED] - scenarioName = "UserAccScenario.grs": null

2023-03-23 20:04:12 - [TEST_STEP][PASSED] - testDataSuiteName = "TestDataCase.gtdc": null

2023-03-23 20:04:12 - [TEST_STEP][PASSED] - testDataCategoryName = "System": null

2023-03-23 20:04:12 - [TEST_STEP][PASSED] - testDataCaseName = "pwdGen": null

2023-03-23 20:04:12 - [TEST_STEP][PASSED] - fileSep = System.getProperty("file.separator"): null

2023-03-23 20:04:12 - [TEST_STEP][PASSED] - scenarioPathAndName = scenarioPath + fileSep + scenarioName: null

2023-03-23 20:04:12 - [TEST_STEP][PASSED] - testDataSuitePath = scenarioPath + fileSep + testDataSuiteName: null

2023-03-23 20:04:12 - [TEST_STEP][PASSED] - engine = new com.genRocket.engine.EngineManual(): null

2023-03-23 20:04:14 - [TEST_STEP][PASSED] - engine.scenarioLoad(scenarioPathAndName): null

2023-03-23 20:04:16 - [TEST_STEP][PASSED] - engine.testDataCaseAdd(testDataSuitePath, testDataCategoryName, testDataCaseName, true, true, null, null): null

2023-03-23 20:04:16 - [TEST_STEP][PASSED] - engine.applyGCases(): null

2023-03-23 20:04:17 - [TEST_STEP][PASSED] - engine.scenarioRun(): null

2023-03-23 20:04:17 - [TEST_STEP][PASSED] - jsonFile = new java.io.File(((scenarioPath + fileSep) + output/UserAccounts.json)): null

2023-03-23 20:04:17 - [TEST_STEP][PASSED] - jsonSlurper = new groovy.json.JsonSlurper(): null

2023-03-23 20:04:17 - [TEST_STEP][PASSED] - jsonData = jsonSlurper.parseText(text): null

2023-03-23 20:04:17 - [TEST_STEP][PASSED] - for (def testData : jsonData): Browser is closed

2023-03-23 20:04:17 - [TEST_STEP][PASSED] - grFName = testData.get("fName"): null

2023-03-23 20:04:17 - [TEST_STEP][PASSED] - grLName = testData.get("lName"): null

2023-03-23 20:04:17 - [TEST_STEP][PASSED] - gremail = testData.get("email"): null

2023-03-23 20:04:17 - [TEST_STEP][PASSED] - grPwd = testData.get("pwd"): null

2023-03-23 20:04:17 - [TEST_STEP][PASSED] - grCnfPwd = testData.get("confirmPwd"): null

2023-03-23 20:04:17 - [TEST_STEP][PASSED] - grPwdStrength = testData.get("pwdStrength"): null

2023-03-23 20:04:17 - [TEST_STEP][PASSED] - out.println("Testemail:" + gremail): null

2023-03-23 20:04:17 - [TEST_STEP][PASSED] - openBrowser(""): Browser is opened with url: ''

2023-03-23 20:04:17 - [MESSAGE][WARNING] - A browser is already opened. Closing browser and opening a new one

2023-03-23 20:04:18 - [MESSAGE][INFO] - Starting 'Chrome' driver

2023-03-23 20:04:18 - [MESSAGE][INFO] - Action delay is set to 0 milliseconds

2023-03-23 20:04:22 - [MESSAGE][PASSED] - Browser is opened with url: ''

2023-03-23 20:04:22 - [TEST_STEP][PASSED] - navigateToUrl("https://magento.softwaretestingboard.com/"): Navigate to 'https://magento.softwaretestingboard.com/' successfully

2023-03-23 20:04:27 - [MESSAGE][PASSED] - Navigate to 'https://magento.softwaretestingboard.com/' successfully

2023-03-23 20:04:27 - [TEST_STEP][PASSED] - click(findTestObject("Object Repository/Page_Home Page/a_Create an Account")): Object: 'Object Repository/Page_Home Page/a_Create an Account' is clicked on

2023-03-23 20:04:33 - [MESSAGE][PASSED] - Object: 'Object Repository/Page_Home Page/a_Create an Account' is clicked on

2023-03-23 20:04:33 - [TEST_STEP][PASSED] - setText(findTestObject("Object Repository/Page_Create New Customer Account/firstName"), grFName): Text 'Patrina' is set on object 'Object Repository/Page_Create New Customer Account/firstName'

2023-03-23 20:04:35 - [MESSAGE][PASSED] - Text 'Patrina' is set on object 'Object Repository/Page_Create New Customer Account/firstName'

2023-03-23 20:04:35 - [TEST_STEP][PASSED] - setText(findTestObject("Object Repository/Page_Create New Customer Account/lastName"), grLName): Text 'Dail' is set on object 'Object Repository/Page_Create New Customer Account/lastName'

2023-03-23 20:04:36 - [MESSAGE][PASSED] - Text 'Dail' is set on object 'Object Repository/Page_Create New Customer Account/lastName'

2023-03-23 20:04:36 - [TEST_STEP][PASSED] - click(findTestObject("Object Repository/Page_Create New Customer Account/subscription checkbox")): Object: 'Object Repository/Page_Create New Customer Account/subscription checkbox' is clicked on

2023-03-23 20:04:36 - [MESSAGE][PASSED] - Object: 'Object Repository/Page_Create New Customer Account/subscription checkbox' is clicked on

2023-03-23 20:04:36 - [TEST_STEP][PASSED] - setText(findTestObject("Object Repository/Page_Create New Customer Account/email"), gremail): Text 'Patrina.Dail@jxsa.com' is set on object 'Object Repository/Page_Create New Customer Account/email'

2023-03-23 20:04:37 - [MESSAGE][PASSED] - Text 'Patrina.Dail@jxsa.com' is set on object 'Object Repository/Page_Create New Customer Account/email'

2023-03-23 20:04:37 - [TEST_STEP][PASSED] - setText(findTestObject("Object Repository/Page_Create New Customer Account/pwd"), grPwd): Text 'Mchf#694' is set on object 'Object Repository/Page_Create New Customer Account/pwd'

2023-03-23 20:04:39 - [MESSAGE][PASSED] - Text 'Mchf#694' is set on object 'Object Repository/Page_Create New Customer Account/pwd'

2023-03-23 20:04:39 - [TEST_STEP][PASSED] - setText(findTestObject("Object Repository/Page_Create New Customer Account/pwd_confirm"), grCnfPwd): Text 'Mchf#694' is set on object 'Object Repository/Page_Create New Customer Account/pwd_confirm'

2023-03-23 20:04:40 - [MESSAGE][PASSED] - Text 'Mchf#694' is set on object 'Object Repository/Page_Create New Customer Account/pwd_confirm'

2023-03-23 20:04:40 - [TEST_STEP][PASSED] - verifyElementText(findTestObject("Page_Create New Customer Account/passwordMeter"), grPwdStrength): Actual text and expected text of test object 'Object Repository/Page_Create New Customer Account/passwordMeter' are matched.

2023-03-23 20:04:40 - [MESSAGE][PASSED] - Actual text and expected text of test object 'Object Repository/Page_Create New Customer Account/passwordMeter' are matched.

2023-03-23 20:04:40 - [TEST_STEP][PASSED] - click(findTestObject("Object Repository/Page_Create New Customer Account/Create an Account button")): Object: 'Object Repository/Page_Create New Customer Account/Create an Account button' is clicked on

2023-03-23 20:04:45 - [MESSAGE][PASSED] - Object: 'Object Repository/Page_Create New Customer Account/Create an Account button' is clicked on

2023-03-23 20:04:45 - [TEST_STEP][PASSED] - click(findTestObject("Object Repository/Page_My Account/img")): Object: 'Object Repository/Page_My Account/img' is clicked on

2023-03-23 20:04:48 - [MESSAGE][PASSED] - Object: 'Object Repository/Page_My Account/img' is clicked on

2023-03-23 20:04:48 - [TEST_STEP][PASSED] - enableSmartWait(): null

2023-03-23 20:04:48 - [TEST_STEP][PASSED] - click(findTestObject("Object Repository/Page_Home Page/button_Change")): Object: 'Object Repository/Page_Home Page/button_Change' is clicked on

2023-03-23 20:04:49 - [MESSAGE][PASSED] - Object: 'Object Repository/Page_Home Page/button_Change' is clicked on

2023-03-23 20:04:49 - [TEST_STEP][PASSED] - click(findTestObject("Object Repository/Page_Home Page/a_Sign Out")): Object: 'Object Repository/Page_Home Page/a_Sign Out' is clicked on

2023-03-23 20:04:52 - [MESSAGE][PASSED] - Object: 'Object Repository/Page_Home Page/a_Sign Out' is clicked on

2023-03-23 20:04:52 - [TEST_STEP][PASSED] - closeBrowser(): Browser is closed

2023-03-23 20:04:52 - [MESSAGE][PASSED] - Browser is closed

2023-03-23 20:04:52 - [TEST_STEP][PASSED] - grFName = testData.get("fName"): null

2023-03-23 20:04:52 - [TEST_STEP][PASSED] - grLName = testData.get("lName"): null

2023-03-23 20:04:52 - [TEST_STEP][PASSED] - gremail = testData.get("email"): null

2023-03-23 20:04:52 - [TEST_STEP][PASSED] - grPwd = testData.get("pwd"): null

2023-03-23 20:04:52 - [TEST_STEP][PASSED] - grCnfPwd = testData.get("confirmPwd"): null

2023-03-23 20:04:52 - [TEST_STEP][PASSED] - grPwdStrength = testData.get("pwdStrength"): null

2023-03-23 20:04:52 - [TEST_STEP][PASSED] - out.println("Testemail:" + gremail): null

2023-03-23 20:04:52 - [TEST_STEP][PASSED] - openBrowser(""): Browser is opened with url: ''

2023-03-23 20:04:52 - [MESSAGE][INFO] - Starting 'Chrome' driver

2023-03-23 20:04:52 - [MESSAGE][INFO] - Action delay is set to 0 milliseconds

2023-03-23 20:04:56 - [MESSAGE][PASSED] - Browser is opened with url: ''

2023-03-23 20:04:56 - [TEST_STEP][PASSED] - navigateToUrl("https://magento.softwaretestingboard.com/"): Navigate to 'https://magento.softwaretestingboard.com/' successfully

2023-03-23 20:05:01 - [MESSAGE][PASSED] - Navigate to 'https://magento.softwaretestingboard.com/' successfully

2023-03-23 20:05:01 - [TEST_STEP][PASSED] - click(findTestObject("Object Repository/Page_Home Page/a_Create an Account")): Object: 'Object Repository/Page_Home Page/a_Create an Account' is clicked on

2023-03-23 20:05:07 - [MESSAGE][PASSED] - Object: 'Object Repository/Page_Home Page/a_Create an Account' is clicked on

2023-03-23 20:05:07 - [TEST_STEP][PASSED] - setText(findTestObject("Object Repository/Page_Create New Customer Account/firstName"), grFName): Text 'Laverne' is set on object 'Object Repository/Page_Create New Customer Account/firstName'

2023-03-23 20:05:08 - [MESSAGE][PASSED] - Text 'Laverne' is set on object 'Object Repository/Page_Create New Customer Account/firstName'

2023-03-23 20:05:08 - [TEST_STEP][PASSED] - setText(findTestObject("Object Repository/Page_Create New Customer Account/lastName"), grLName): Text 'Gatewood' is set on object 'Object Repository/Page_Create New Customer Account/lastName'

2023-03-23 20:05:09 - [MESSAGE][PASSED] - Text 'Gatewood' is set on object 'Object Repository/Page_Create New Customer Account/lastName'

2023-03-23 20:05:09 - [TEST_STEP][PASSED] - click(findTestObject("Object Repository/Page_Create New Customer Account/subscription checkbox")): Object: 'Object Repository/Page_Create New Customer Account/subscription checkbox' is clicked on

2023-03-23 20:05:10 - [MESSAGE][PASSED] - Object: 'Object Repository/Page_Create New Customer Account/subscription checkbox' is clicked on

2023-03-23 20:05:10 - [TEST_STEP][PASSED] - setText(findTestObject("Object Repository/Page_Create New Customer Account/email"), gremail): Text 'Laverne.Gatewood@google.com' is set on object 'Object Repository/Page_Create New Customer Account/email'

2023-03-23 20:05:11 - [MESSAGE][PASSED] - Text 'Laverne.Gatewood@google.com' is set on object 'Object Repository/Page_Create New Customer Account/email'

2023-03-23 20:05:11 - [TEST_STEP][PASSED] - setText(findTestObject("Object Repository/Page_Create New Customer Account/pwd"), grPwd): Text 'Dcytj.443' is set on object 'Object Repository/Page_Create New Customer Account/pwd'

2023-03-23 20:05:13 - [MESSAGE][PASSED] - Text 'Dcytj.443' is set on object 'Object Repository/Page_Create New Customer Account/pwd'

2023-03-23 20:05:13 - [TEST_STEP][PASSED] - setText(findTestObject("Object Repository/Page_Create New Customer Account/pwd_confirm"), grCnfPwd): Text 'Dcytj.443' is set on object 'Object Repository/Page_Create New Customer Account/pwd_confirm'

2023-03-23 20:05:14 - [MESSAGE][PASSED] - Text 'Dcytj.443' is set on object 'Object Repository/Page_Create New Customer Account/pwd_confirm'

2023-03-23 20:05:14 - [TEST_STEP][PASSED] - verifyElementText(findTestObject("Page_Create New Customer Account/passwordMeter"), grPwdStrength): Actual text and expected text of test object 'Object Repository/Page_Create New Customer Account/passwordMeter' are matched.

2023-03-23 20:05:14 - [MESSAGE][PASSED] - Actual text and expected text of test object 'Object Repository/Page_Create New Customer Account/passwordMeter' are matched.

2023-03-23 20:05:14 - [TEST_STEP][PASSED] - click(findTestObject("Object Repository/Page_Create New Customer Account/Create an Account button")): Object: 'Object Repository/Page_Create New Customer Account/Create an Account button' is clicked on

2023-03-23 20:05:19 - [MESSAGE][PASSED] - Object: 'Object Repository/Page_Create New Customer Account/Create an Account button' is clicked on

2023-03-23 20:05:19 - [TEST_STEP][PASSED] - click(findTestObject("Object Repository/Page_My Account/img")): Object: 'Object Repository/Page_My Account/img' is clicked on

2023-03-23 20:05:22 - [MESSAGE][PASSED] - Object: 'Object Repository/Page_My Account/img' is clicked on

2023-03-23 20:05:22 - [TEST_STEP][PASSED] - enableSmartWait(): null

2023-03-23 20:05:22 - [TEST_STEP][PASSED] - click(findTestObject("Object Repository/Page_Home Page/button_Change")): Object: 'Object Repository/Page_Home Page/button_Change' is clicked on

2023-03-23 20:05:23 - [MESSAGE][PASSED] - Object: 'Object Repository/Page_Home Page/button_Change' is clicked on

2023-03-23 20:05:23 - [TEST_STEP][PASSED] - click(findTestObject("Object Repository/Page_Home Page/a_Sign Out")): Object: 'Object Repository/Page_Home Page/a_Sign Out' is clicked on

2023-03-23 20:05:25 - [MESSAGE][PASSED] - Object: 'Object Repository/Page_Home Page/a_Sign Out' is clicked on

2023-03-23 20:05:25 - [TEST_STEP][PASSED] - closeBrowser(): Browser is closed

2023-03-23 20:05:26 - [MESSAGE][PASSED] - Browser is closed

2023-03-23 20:05:26 - [TEST_STEP][PASSED] - grFName = testData.get("fName"): null

2023-03-23 20:05:26 - [TEST_STEP][PASSED] - grLName = testData.get("lName"): null

2023-03-23 20:05:26 - [TEST_STEP][PASSED] - gremail = testData.get("email"): null

2023-03-23 20:05:26 - [TEST_STEP][PASSED] - grPwd = testData.get("pwd"): null

2023-03-23 20:05:26 - [TEST_STEP][PASSED] - grCnfPwd = testData.get("confirmPwd"): null

2023-03-23 20:05:26 - [TEST_STEP][PASSED] - grPwdStrength = testData.get("pwdStrength"): null

2023-03-23 20:05:26 - [TEST_STEP][PASSED] - out.println("Testemail:" + gremail): null

2023-03-23 20:05:26 - [TEST_STEP][PASSED] - openBrowser(""): Browser is opened with url: ''

2023-03-23 20:05:26 - [MESSAGE][INFO] - Starting 'Chrome' driver

2023-03-23 20:05:26 - [MESSAGE][INFO] - Action delay is set to 0 milliseconds

2023-03-23 20:05:30 - [MESSAGE][PASSED] - Browser is opened with url: ''

2023-03-23 20:05:30 - [TEST_STEP][PASSED] - navigateToUrl("https://magento.softwaretestingboard.com/"): Navigate to 'https://magento.softwaretestingboard.com/' successfully

2023-03-23 20:05:35 - [MESSAGE][PASSED] - Navigate to 'https://magento.softwaretestingboard.com/' successfully

2023-03-23 20:05:35 - [TEST_STEP][PASSED] - click(findTestObject("Object Repository/Page_Home Page/a_Create an Account")): Object: 'Object Repository/Page_Home Page/a_Create an Account' is clicked on

2023-03-23 20:05:40 - [MESSAGE][PASSED] - Object: 'Object Repository/Page_Home Page/a_Create an Account' is clicked on

2023-03-23 20:05:40 - [TEST_STEP][PASSED] - setText(findTestObject("Object Repository/Page_Create New Customer Account/firstName"), grFName): Text 'Rosina' is set on object 'Object Repository/Page_Create New Customer Account/firstName'

2023-03-23 20:05:42 - [MESSAGE][PASSED] - Text 'Rosina' is set on object 'Object Repository/Page_Create New Customer Account/firstName'

2023-03-23 20:05:42 - [TEST_STEP][PASSED] - setText(findTestObject("Object Repository/Page_Create New Customer Account/lastName"), grLName): Text 'Sachs' is set on object 'Object Repository/Page_Create New Customer Account/lastName'

2023-03-23 20:05:43 - [MESSAGE][PASSED] - Text 'Sachs' is set on object 'Object Repository/Page_Create New Customer Account/lastName'

2023-03-23 20:05:43 - [TEST_STEP][PASSED] - click(findTestObject("Object Repository/Page_Create New Customer Account/subscription checkbox")): Object: 'Object Repository/Page_Create New Customer Account/subscription checkbox' is clicked on

2023-03-23 20:05:44 - [MESSAGE][PASSED] - Object: 'Object Repository/Page_Create New Customer Account/subscription checkbox' is clicked on

2023-03-23 20:05:44 - [TEST_STEP][PASSED] - setText(findTestObject("Object Repository/Page_Create New Customer Account/email"), gremail): Text 'Rosina.Sachs@gmail.com' is set on object 'Object Repository/Page_Create New Customer Account/email'

2023-03-23 20:05:45 - [MESSAGE][PASSED] - Text 'Rosina.Sachs@gmail.com' is set on object 'Object Repository/Page_Create New Customer Account/email'

2023-03-23 20:05:45 - [TEST_STEP][PASSED] - setText(findTestObject("Object Repository/Page_Create New Customer Account/pwd"), grPwd): Text 'aqshxwr,867' is set on object 'Object Repository/Page_Create New Customer Account/pwd'

2023-03-23 20:05:47 - [MESSAGE][PASSED] - Text 'aqshxwr,867' is set on object 'Object Repository/Page_Create New Customer Account/pwd'

2023-03-23 20:05:47 - [TEST_STEP][PASSED] - setText(findTestObject("Object Repository/Page_Create New Customer Account/pwd_confirm"), grCnfPwd): Text 'aqshxwr,867' is set on object 'Object Repository/Page_Create New Customer Account/pwd_confirm'

2023-03-23 20:05:48 - [MESSAGE][PASSED] - Text 'aqshxwr,867' is set on object 'Object Repository/Page_Create New Customer Account/pwd_confirm'

2023-03-23 20:05:48 - [TEST_STEP][PASSED] - verifyElementText(findTestObject("Page_Create New Customer Account/passwordMeter"), grPwdStrength): Actual text and expected text of test object 'Object Repository/Page_Create New Customer Account/passwordMeter' are matched.

2023-03-23 20:05:48 - [MESSAGE][PASSED] - Actual text and expected text of test object 'Object Repository/Page_Create New Customer Account/passwordMeter' are matched.

2023-03-23 20:05:48 - [TEST_STEP][PASSED] - click(findTestObject("Object Repository/Page_Create New Customer Account/Create an Account button")): Object: 'Object Repository/Page_Create New Customer Account/Create an Account button' is clicked on

2023-03-23 20:05:54 - [MESSAGE][PASSED] - Object: 'Object Repository/Page_Create New Customer Account/Create an Account button' is clicked on

2023-03-23 20:05:54 - [TEST_STEP][PASSED] - click(findTestObject("Object Repository/Page_My Account/img")): Object: 'Object Repository/Page_My Account/img' is clicked on

2023-03-23 20:05:56 - [MESSAGE][PASSED] - Object: 'Object Repository/Page_My Account/img' is clicked on

2023-03-23 20:05:56 - [TEST_STEP][PASSED] - enableSmartWait(): null

2023-03-23 20:05:57 - [TEST_STEP][PASSED] - click(findTestObject("Object Repository/Page_Home Page/button_Change")): Object: 'Object Repository/Page_Home Page/button_Change' is clicked on

2023-03-23 20:05:57 - [MESSAGE][PASSED] - Object: 'Object Repository/Page_Home Page/button_Change' is clicked on

2023-03-23 20:05:57 - [TEST_STEP][PASSED] - click(findTestObject("Object Repository/Page_Home Page/a_Sign Out")): Object: 'Object Repository/Page_Home Page/a_Sign Out' is clicked on

2023-03-23 20:06:00 - [MESSAGE][PASSED] - Object: 'Object Repository/Page_Home Page/a_Sign Out' is clicked on

2023-03-23 20:06:00 - [TEST_STEP][PASSED] - closeBrowser(): Browser is closed

2023-03-23 20:06:00 - [MESSAGE][PASSED] - Browser is closed]]></system-out>
         <system-err><![CDATA[]]></system-err>
      </testcase>
      <system-out><![CDATA[2023-03-23 20:03:27 - [TEST_SUITE][FAILED] - Demo Test Suite: Test Cases/Demo/TC01_without GenRocket Integration FAILED.
Reason:
com.kms.katalon.core.exception.StepFailedException: Verify element text of test object 'Object Repository/Page_Create New Customer Account/passwordMeter' FAILED.
	at com.kms.katalon.core.webui.keyword.internal.WebUIKeywordMain.stepFailed(WebUIKeywordMain.groovy:64)
	at com.kms.katalon.core.webui.keyword.internal.WebUIKeywordMain.runKeyword(WebUIKeywordMain.groovy:26)
	at com.kms.katalon.core.webui.keyword.builtin.VerifyElementTextKeyword.verifyElementText(VerifyElementTextKeyword.groovy:72)
	at com.kms.katalon.core.webui.keyword.builtin.VerifyElementTextKeyword.execute(VerifyElementTextKeyword.groovy:40)
	at com.kms.katalon.core.keyword.internal.KeywordExecutor.executeKeywordForPlatform(KeywordExecutor.groovy:74)
	at com.kms.katalon.core.webui.keyword.WebUiBuiltInKeywords.verifyElementText(WebUiBuiltInKeywords.groovy:4749)
	at com.kms.katalon.core.webui.keyword.WebUiBuiltInKeywords$verifyElementText$3.call(Unknown Source)
	at TC01_without GenRocket Integration.run(TC01_without GenRocket Integration:41)
	at com.kms.katalon.core.main.ScriptEngine.run(ScriptEngine.java:194)
	at com.kms.katalon.core.main.ScriptEngine.runScriptAsRawText(ScriptEngine.java:119)
	at com.kms.katalon.core.main.TestCaseExecutor.runScript(TestCaseExecutor.java:448)
	at com.kms.katalon.core.main.TestCaseExecutor.doExecute(TestCaseExecutor.java:439)
	at com.kms.katalon.core.main.TestCaseExecutor.processExecutionPhase(TestCaseExecutor.java:418)
	at com.kms.katalon.core.main.TestCaseExecutor.accessMainPhase(TestCaseExecutor.java:410)
	at com.kms.katalon.core.main.TestCaseExecutor.execute(TestCaseExecutor.java:285)
	at com.kms.katalon.core.common.CommonExecutor.accessTestCaseMainPhase(CommonExecutor.java:65)
	at com.kms.katalon.core.main.TestSuiteExecutor.accessTestSuiteMainPhase(TestSuiteExecutor.java:148)
	at com.kms.katalon.core.main.TestSuiteExecutor.execute(TestSuiteExecutor.java:106)
	at com.kms.katalon.core.main.TestCaseMain.startTestSuite(TestCaseMain.java:187)
	at com.kms.katalon.core.main.TestCaseMain$startTestSuite$0.call(Unknown Source)
	at TempTestSuite1679601799778.run(TempTestSuite1679601799778.groovy:36)
Caused by: com.kms.katalon.core.exception.StepFailedException: Actual text 'No Password' and expected text '' of test object 'Object Repository/Page_Create New Customer Account/passwordMeter' are NOT matched.
	at com.kms.katalon.core.webui.keyword.internal.WebUIKeywordMain.stepFailed(WebUIKeywordMain.groovy:64)
	at com.kms.katalon.core.webui.keyword.builtin.VerifyElementTextKeyword$_verifyElementText_closure1.doCall(VerifyElementTextKeyword.groovy:57)
	at com.kms.katalon.core.webui.keyword.builtin.VerifyElementTextKeyword$_verifyElementText_closure1.call(VerifyElementTextKeyword.groovy)
	at com.kms.katalon.core.webui.keyword.internal.WebUIKeywordMain.runKeyword(WebUIKeywordMain.groovy:20)
	... 19 more]]></system-out>
      <system-err><![CDATA[2023-03-23 20:03:27 - [TEST_SUITE][FAILED] - Demo Test Suite: Test Cases/Demo/TC01_without GenRocket Integration FAILED.
Reason:
com.kms.katalon.core.exception.StepFailedException: Verify element text of test object 'Object Repository/Page_Create New Customer Account/passwordMeter' FAILED.
	at com.kms.katalon.core.webui.keyword.internal.WebUIKeywordMain.stepFailed(WebUIKeywordMain.groovy:64)
	at com.kms.katalon.core.webui.keyword.internal.WebUIKeywordMain.runKeyword(WebUIKeywordMain.groovy:26)
	at com.kms.katalon.core.webui.keyword.builtin.VerifyElementTextKeyword.verifyElementText(VerifyElementTextKeyword.groovy:72)
	at com.kms.katalon.core.webui.keyword.builtin.VerifyElementTextKeyword.execute(VerifyElementTextKeyword.groovy:40)
	at com.kms.katalon.core.keyword.internal.KeywordExecutor.executeKeywordForPlatform(KeywordExecutor.groovy:74)
	at com.kms.katalon.core.webui.keyword.WebUiBuiltInKeywords.verifyElementText(WebUiBuiltInKeywords.groovy:4749)
	at com.kms.katalon.core.webui.keyword.WebUiBuiltInKeywords$verifyElementText$3.call(Unknown Source)
	at TC01_without GenRocket Integration.run(TC01_without GenRocket Integration:41)
	at com.kms.katalon.core.main.ScriptEngine.run(ScriptEngine.java:194)
	at com.kms.katalon.core.main.ScriptEngine.runScriptAsRawText(ScriptEngine.java:119)
	at com.kms.katalon.core.main.TestCaseExecutor.runScript(TestCaseExecutor.java:448)
	at com.kms.katalon.core.main.TestCaseExecutor.doExecute(TestCaseExecutor.java:439)
	at com.kms.katalon.core.main.TestCaseExecutor.processExecutionPhase(TestCaseExecutor.java:418)
	at com.kms.katalon.core.main.TestCaseExecutor.accessMainPhase(TestCaseExecutor.java:410)
	at com.kms.katalon.core.main.TestCaseExecutor.execute(TestCaseExecutor.java:285)
	at com.kms.katalon.core.common.CommonExecutor.accessTestCaseMainPhase(CommonExecutor.java:65)
	at com.kms.katalon.core.main.TestSuiteExecutor.accessTestSuiteMainPhase(TestSuiteExecutor.java:148)
	at com.kms.katalon.core.main.TestSuiteExecutor.execute(TestSuiteExecutor.java:106)
	at com.kms.katalon.core.main.TestCaseMain.startTestSuite(TestCaseMain.java:187)
	at com.kms.katalon.core.main.TestCaseMain$startTestSuite$0.call(Unknown Source)
	at TempTestSuite1679601799778.run(TempTestSuite1679601799778.groovy:36)
Caused by: com.kms.katalon.core.exception.StepFailedException: Actual text 'No Password' and expected text '' of test object 'Object Repository/Page_Create New Customer Account/passwordMeter' are NOT matched.
	at com.kms.katalon.core.webui.keyword.internal.WebUIKeywordMain.stepFailed(WebUIKeywordMain.groovy:64)
	at com.kms.katalon.core.webui.keyword.builtin.VerifyElementTextKeyword$_verifyElementText_closure1.doCall(VerifyElementTextKeyword.groovy:57)
	at com.kms.katalon.core.webui.keyword.builtin.VerifyElementTextKeyword$_verifyElementText_closure1.call(VerifyElementTextKeyword.groovy)
	at com.kms.katalon.core.webui.keyword.internal.WebUIKeywordMain.runKeyword(WebUIKeywordMain.groovy:20)
	... 19 more]]></system-err>
   </testsuite>
</testsuites>
